13:34:26.836 INFO  - [13:34:26.836] Request #1: /groups
13:34:28.184 INFO  - [13:34:28.184] Request #1: /groups/664bf2a3af8f227bd7fa8356/clusters (Project: 664bf2a3af8f227bd7fa8356)
13:34:28.574 INFO  - [13:34:28.574] Request #1: /groups/664bf2a3af8f227bd7fa8356/processes (Project: 664bf2a3af8f227bd7fa8356)
13:34:28.980 INFO  - [13:34:28.980] Request #1: /groups/664bf2a3af8f227bd7fa8356/processes/atlas-dzu2kh-shard-00-00.8fthp.mongodb.net:27017/measurements (Project: 664bf2a3af8f227bd7fa8356)
13:34:29.305 INFO  - [13:34:29.305] Request #1: /groups/664bf2a3af8f227bd7fa8356/processes/atlas-dzu2kh-shard-00-01.8fthp.mongodb.net:27017/measurements (Project: 664bf2a3af8f227bd7fa8356)
13:34:29.744 INFO  - [13:34:29.744] Request #1: /groups/664bf2a3af8f227bd7fa8356/processes/atlas-dzu2kh-shard-00-02.8fthp.mongodb.net:27017/measurements (Project: 664bf2a3af8f227bd7fa8356)
13:34:30.067 INFO  - [13:34:30.067] Request #1: /groups/664bf2a3af8f227bd7fa8356/processes/atlas-dzu2kh-shard-01-00.8fthp.mongodb.net:27017/measurements (Project: 664bf2a3af8f227bd7fa8356)
13:34:30.385 INFO  - [13:34:30.385] Request #1: /groups/664bf2a3af8f227bd7fa8356/processes/atlas-dzu2kh-shard-01-01.8fthp.mongodb.net:27017/measurements (Project: 664bf2a3af8f227bd7fa8356)
13:34:30.752 INFO  - [13:34:30.752] Request #1: /groups/664bf2a3af8f227bd7fa8356/processes/atlas-dzu2kh-shard-01-02.8fthp.mongodb.net:27017/measurements (Project: 664bf2a3af8f227bd7fa8356)
13:34:31.252 INFO  - [13:34:31.252] Request #1: /groups/664bf2a3af8f227bd7fa8356/processes/atlas-dzu2kh-shard-02-00.8fthp.mongodb.net:27017/measurements (Project: 664bf2a3af8f227bd7fa8356)
13:34:31.578 INFO  - [13:34:31.578] Request #1: /groups/664bf2a3af8f227bd7fa8356/processes/atlas-dzu2kh-shard-02-01.8fthp.mongodb.net:27017/measurements (Project: 664bf2a3af8f227bd7fa8356)
13:34:31.910 INFO  - [13:34:31.910] Request #1: /groups/664bf2a3af8f227bd7fa8356/processes/atlas-dzu2kh-shard-02-02.8fthp.mongodb.net:27017/measurements (Project: 664bf2a3af8f227bd7fa8356)
13:34:32.255 INFO  - [13:34:32.255] Request #1: /groups/664bf2a3af8f227bd7fa8356/processes/atlas-dzu2kh-shard-03-00.8fthp.mongodb.net:27017/measurements (Project: 664bf2a3af8f227bd7fa8356)
13:34:32.611 INFO  - [13:34:32.611] Request #1: /groups/664bf2a3af8f227bd7fa8356/processes/atlas-dzu2kh-shard-03-01.8fthp.mongodb.net:27017/measurements (Project: 664bf2a3af8f227bd7fa8356)
13:34:33.001 INFO  - [13:34:33.000] Request #1: /groups/664bf2a3af8f227bd7fa8356/processes/atlas-dzu2kh-shard-03-02.8fthp.mongodb.net:27017/measurements (Project: 664bf2a3af8f227bd7fa8356)
13:34:33.346 INFO  - [13:34:33.346] Request #1: /groups/664bf2a3af8f227bd7fa8356/processes/atlas-dzu2kh-shard-04-00.8fthp.mongodb.net:27017/measurements (Project: 664bf2a3af8f227bd7fa8356)
13:34:33.796 INFO  - [13:34:33.795] Request #1: /groups/664bf2a3af8f227bd7fa8356/processes/atlas-dzu2kh-shard-04-01.8fthp.mongodb.net:27017/measurements (Project: 664bf2a3af8f227bd7fa8356)
13:34:34.195 INFO  - [13:34:34.195] Request #1: /groups/664bf2a3af8f227bd7fa8356/processes/atlas-dzu2kh-shard-04-02.8fthp.mongodb.net:27017/measurements (Project: 664bf2a3af8f227bd7fa8356)
13:34:34.535 INFO  - [13:34:34.534] Request #1: /groups/664bf8eb7eaba87090bf4c35/clusters (Project: 664bf8eb7eaba87090bf4c35)
13:34:34.914 INFO  - [13:34:34.914] Request #1: /groups/664bf8eb7eaba87090bf4c35/processes (Project: 664bf8eb7eaba87090bf4c35)
13:34:35.329 INFO  - [13:34:35.329] Request #1: /groups/664bf8eb7eaba87090bf4c35/processes/atlas-456fk5-shard-00-00.yx0cc.mongodb.net:27017/measurements (Project: 664bf8eb7eaba87090bf4c35)
13:34:35.636 INFO  - [13:34:35.636] Request #1: /groups/664bf8eb7eaba87090bf4c35/processes/atlas-456fk5-shard-00-01.yx0cc.mongodb.net:27017/measurements (Project: 664bf8eb7eaba87090bf4c35)
13:34:35.968 INFO  - [13:34:35.967] Request #1: /groups/664bf8eb7eaba87090bf4c35/processes/atlas-456fk5-shard-00-02.yx0cc.mongodb.net:27017/measurements (Project: 664bf8eb7eaba87090bf4c35)
13:34:36.281 INFO  - [13:34:36.281] Request #1: /groups/664bf8eb7eaba87090bf4c35/processes/atlas-456fk5-shard-01-00.yx0cc.mongodb.net:27017/measurements (Project: 664bf8eb7eaba87090bf4c35)
13:34:36.574 INFO  - [13:34:36.574] Request #1: /groups/664bf8eb7eaba87090bf4c35/processes/atlas-456fk5-shard-01-01.yx0cc.mongodb.net:27017/measurements (Project: 664bf8eb7eaba87090bf4c35)
13:34:36.940 INFO  - [13:34:36.940] Request #1: /groups/664bf8eb7eaba87090bf4c35/processes/atlas-456fk5-shard-01-02.yx0cc.mongodb.net:27017/measurements (Project: 664bf8eb7eaba87090bf4c35)
13:34:37.260 INFO  - [13:34:37.260] Request #1: /groups/664bf8eb7eaba87090bf4c35/processes/atlas-456fk5-shard-02-00.yx0cc.mongodb.net:27017/measurements (Project: 664bf8eb7eaba87090bf4c35)
13:34:37.560 INFO  - [13:34:37.560] Request #1: /groups/664bf8eb7eaba87090bf4c35/processes/atlas-456fk5-shard-02-01.yx0cc.mongodb.net:27017/measurements (Project: 664bf8eb7eaba87090bf4c35)
13:34:38.060 INFO  - [13:34:38.060] Request #1: /groups/664bf8eb7eaba87090bf4c35/processes/atlas-456fk5-shard-02-02.yx0cc.mongodb.net:27017/measurements (Project: 664bf8eb7eaba87090bf4c35)
13:34:38.401 INFO  - [13:34:38.401] Request #1: /groups/664bf8eb7eaba87090bf4c35/processes/atlas-456fk5-shard-03-00.yx0cc.mongodb.net:27017/measurements (Project: 664bf8eb7eaba87090bf4c35)
13:34:38.755 INFO  - [13:34:38.755] Request #1: /groups/664bf8eb7eaba87090bf4c35/processes/atlas-456fk5-shard-03-01.yx0cc.mongodb.net:27017/measurements (Project: 664bf8eb7eaba87090bf4c35)
13:34:39.095 INFO  - [13:34:39.095] Request #1: /groups/664bf8eb7eaba87090bf4c35/processes/atlas-456fk5-shard-03-02.yx0cc.mongodb.net:27017/measurements (Project: 664bf8eb7eaba87090bf4c35)
13:34:39.443 INFO  - [13:34:39.443] Request #1: /groups/664bf8eb7eaba87090bf4c35/processes/atlas-456fk5-shard-04-00.yx0cc.mongodb.net:27017/measurements (Project: 664bf8eb7eaba87090bf4c35)
13:34:39.770 INFO  - [13:34:39.770] Request #1: /groups/664bf8eb7eaba87090bf4c35/processes/atlas-456fk5-shard-04-01.yx0cc.mongodb.net:27017/measurements (Project: 664bf8eb7eaba87090bf4c35)
13:34:40.107 INFO  - [13:34:40.107] Request #1: /groups/664bf8eb7eaba87090bf4c35/processes/atlas-456fk5-shard-04-02.yx0cc.mongodb.net:27017/measurements (Project: 664bf8eb7eaba87090bf4c35)
13:34:40.443 INFO  - [13:34:40.443] Request #1: /groups/664bf8eb7eaba87090bf4c35/processes/atlas-456fk5-shard-05-00.yx0cc.mongodb.net:27017/measurements (Project: 664bf8eb7eaba87090bf4c35)
13:34:40.775 INFO  - [13:34:40.775] Request #1: /groups/664bf8eb7eaba87090bf4c35/processes/atlas-456fk5-shard-05-01.yx0cc.mongodb.net:27017/measurements (Project: 664bf8eb7eaba87090bf4c35)
13:34:41.111 INFO  - [13:34:41.111] Request #1: /groups/664bf8eb7eaba87090bf4c35/processes/atlas-456fk5-shard-05-02.yx0cc.mongodb.net:27017/measurements (Project: 664bf8eb7eaba87090bf4c35)
13:34:41.621 INFO  - [13:34:41.621] Request #1: /groups/664bf8eb7eaba87090bf4c35/processes/atlas-456fk5-shard-06-00.yx0cc.mongodb.net:27017/measurements (Project: 664bf8eb7eaba87090bf4c35)
13:34:41.947 INFO  - [13:34:41.947] Request #1: /groups/664bf8eb7eaba87090bf4c35/processes/atlas-456fk5-shard-06-01.yx0cc.mongodb.net:27017/measurements (Project: 664bf8eb7eaba87090bf4c35)
13:34:42.247 INFO  - [13:34:42.246] Request #1: /groups/664bf8eb7eaba87090bf4c35/processes/atlas-456fk5-shard-06-02.yx0cc.mongodb.net:27017/measurements (Project: 664bf8eb7eaba87090bf4c35)
13:43:31.660 INFO  - [13:43:31.660] Request #1: /groups
13:43:32.549 INFO  - [13:43:32.549] Request #1: /groups/664bf2a3af8f227bd7fa8356/clusters (Project: 664bf2a3af8f227bd7fa8356)
13:43:39.980 INFO  - [13:43:39.980] Request #1: /groups/664bf2a3af8f227bd7fa8356/processes (Project: 664bf2a3af8f227bd7fa8356)
13:43:56.095 INFO  - [13:43:56.095] Request #1: /groups/664bf2a3af8f227bd7fa8356/processes/atlas-dzu2kh-shard-00-00.8fthp.mongodb.net:27017/measurements (Project: 664bf2a3af8f227bd7fa8356)
13:44:02.092 INFO  - [13:44:02.092] Request #1: /groups/664bf2a3af8f227bd7fa8356/processes/atlas-dzu2kh-shard-00-01.8fthp.mongodb.net:27017/measurements (Project: 664bf2a3af8f227bd7fa8356)
13:44:02.377 INFO  - [13:44:02.377] Request #1: /groups/664bf2a3af8f227bd7fa8356/processes/atlas-dzu2kh-shard-00-02.8fthp.mongodb.net:27017/measurements (Project: 664bf2a3af8f227bd7fa8356)
13:44:02.745 INFO  - [13:44:02.745] Request #1: /groups/664bf2a3af8f227bd7fa8356/processes/atlas-dzu2kh-shard-01-00.8fthp.mongodb.net:27017/measurements (Project: 664bf2a3af8f227bd7fa8356)
13:44:03.078 INFO  - [13:44:03.078] Request #1: /groups/664bf2a3af8f227bd7fa8356/processes/atlas-dzu2kh-shard-01-01.8fthp.mongodb.net:27017/measurements (Project: 664bf2a3af8f227bd7fa8356)
13:44:03.374 INFO  - [13:44:03.374] Request #1: /groups/664bf2a3af8f227bd7fa8356/processes/atlas-dzu2kh-shard-01-02.8fthp.mongodb.net:27017/measurements (Project: 664bf2a3af8f227bd7fa8356)
13:44:03.691 INFO  - [13:44:03.691] Request #1: /groups/664bf2a3af8f227bd7fa8356/processes/atlas-dzu2kh-shard-02-00.8fthp.mongodb.net:27017/measurements (Project: 664bf2a3af8f227bd7fa8356)
13:44:04.032 INFO  - [13:44:04.032] Request #1: /groups/664bf2a3af8f227bd7fa8356/processes/atlas-dzu2kh-shard-02-01.8fthp.mongodb.net:27017/measurements (Project: 664bf2a3af8f227bd7fa8356)
13:44:04.388 INFO  - [13:44:04.388] Request #1: /groups/664bf2a3af8f227bd7fa8356/processes/atlas-dzu2kh-shard-02-02.8fthp.mongodb.net:27017/measurements (Project: 664bf2a3af8f227bd7fa8356)
13:44:04.723 INFO  - [13:44:04.723] Request #1: /groups/664bf2a3af8f227bd7fa8356/processes/atlas-dzu2kh-shard-03-00.8fthp.mongodb.net:27017/measurements (Project: 664bf2a3af8f227bd7fa8356)
13:44:05.030 INFO  - [13:44:05.030] Request #1: /groups/664bf2a3af8f227bd7fa8356/processes/atlas-dzu2kh-shard-03-01.8fthp.mongodb.net:27017/measurements (Project: 664bf2a3af8f227bd7fa8356)
13:44:05.327 INFO  - [13:44:05.327] Request #1: /groups/664bf2a3af8f227bd7fa8356/processes/atlas-dzu2kh-shard-03-02.8fthp.mongodb.net:27017/measurements (Project: 664bf2a3af8f227bd7fa8356)
13:44:05.626 INFO  - [13:44:05.626] Request #1: /groups/664bf2a3af8f227bd7fa8356/processes/atlas-dzu2kh-shard-04-00.8fthp.mongodb.net:27017/measurements (Project: 664bf2a3af8f227bd7fa8356)
13:44:05.934 INFO  - [13:44:05.934] Request #1: /groups/664bf2a3af8f227bd7fa8356/processes/atlas-dzu2kh-shard-04-01.8fthp.mongodb.net:27017/measurements (Project: 664bf2a3af8f227bd7fa8356)
13:44:06.238 INFO  - [13:44:06.238] Request #1: /groups/664bf2a3af8f227bd7fa8356/processes/atlas-dzu2kh-shard-04-02.8fthp.mongodb.net:27017/measurements (Project: 664bf2a3af8f227bd7fa8356)
14:09:22.330 INFO  - [14:09:22.330] Request #1: /groups
14:09:23.371 INFO  - [14:09:23.371] Request #1: /groups/664bf2a3af8f227bd7fa8356/clusters (Project: 664bf2a3af8f227bd7fa8356)
14:09:23.760 INFO  - [14:09:23.760] Request #1: /groups/664bf2a3af8f227bd7fa8356/processes (Project: 664bf2a3af8f227bd7fa8356)
14:09:24.153 INFO  - [14:09:24.153] Request #1: /groups/664bf2a3af8f227bd7fa8356/processes/atlas-dzu2kh-shard-00-00.8fthp.mongodb.net:27017/measurements (Project: 664bf2a3af8f227bd7fa8356)
14:09:24.482 INFO  - [14:09:24.482] Request #1: /groups/664bf2a3af8f227bd7fa8356/processes/atlas-dzu2kh-shard-00-01.8fthp.mongodb.net:27017/measurements (Project: 664bf2a3af8f227bd7fa8356)
14:09:24.941 INFO  - [14:09:24.941] Request #1: /groups/664bf2a3af8f227bd7fa8356/processes/atlas-dzu2kh-shard-00-02.8fthp.mongodb.net:27017/measurements (Project: 664bf2a3af8f227bd7fa8356)
14:09:25.256 INFO  - [14:09:25.256] Request #1: /groups/664bf2a3af8f227bd7fa8356/processes/atlas-dzu2kh-shard-01-00.8fthp.mongodb.net:27017/measurements (Project: 664bf2a3af8f227bd7fa8356)
14:09:25.722 INFO  - [14:09:25.722] Request #1: /groups/664bf2a3af8f227bd7fa8356/processes/atlas-dzu2kh-shard-01-01.8fthp.mongodb.net:27017/measurements (Project: 664bf2a3af8f227bd7fa8356)
14:09:26.169 INFO  - [14:09:26.169] Request #1: /groups/664bf2a3af8f227bd7fa8356/processes/atlas-dzu2kh-shard-01-02.8fthp.mongodb.net:27017/measurements (Project: 664bf2a3af8f227bd7fa8356)
14:09:26.512 INFO  - [14:09:26.512] Request #1: /groups/664bf2a3af8f227bd7fa8356/processes/atlas-dzu2kh-shard-02-00.8fthp.mongodb.net:27017/measurements (Project: 664bf2a3af8f227bd7fa8356)
14:09:26.846 INFO  - [14:09:26.846] Request #1: /groups/664bf2a3af8f227bd7fa8356/processes/atlas-dzu2kh-shard-02-01.8fthp.mongodb.net:27017/measurements (Project: 664bf2a3af8f227bd7fa8356)
14:09:27.195 INFO  - [14:09:27.195] Request #1: /groups/664bf2a3af8f227bd7fa8356/processes/atlas-dzu2kh-shard-02-02.8fthp.mongodb.net:27017/measurements (Project: 664bf2a3af8f227bd7fa8356)
14:09:27.580 INFO  - [14:09:27.580] Request #1: /groups/664bf2a3af8f227bd7fa8356/processes/atlas-dzu2kh-shard-03-00.8fthp.mongodb.net:27017/measurements (Project: 664bf2a3af8f227bd7fa8356)
14:09:27.928 INFO  - [14:09:27.928] Request #1: /groups/664bf2a3af8f227bd7fa8356/processes/atlas-dzu2kh-shard-03-01.8fthp.mongodb.net:27017/measurements (Project: 664bf2a3af8f227bd7fa8356)
14:09:28.270 INFO  - [14:09:28.270] Request #1: /groups/664bf2a3af8f227bd7fa8356/processes/atlas-dzu2kh-shard-03-02.8fthp.mongodb.net:27017/measurements (Project: 664bf2a3af8f227bd7fa8356)
14:09:28.612 INFO  - [14:09:28.612] Request #1: /groups/664bf2a3af8f227bd7fa8356/processes/atlas-dzu2kh-shard-04-00.8fthp.mongodb.net:27017/measurements (Project: 664bf2a3af8f227bd7fa8356)
14:09:29.037 INFO  - [14:09:29.037] Request #1: /groups/664bf2a3af8f227bd7fa8356/processes/atlas-dzu2kh-shard-04-01.8fthp.mongodb.net:27017/measurements (Project: 664bf2a3af8f227bd7fa8356)
14:09:29.365 INFO  - [14:09:29.365] Request #1: /groups/664bf2a3af8f227bd7fa8356/processes/atlas-dzu2kh-shard-04-02.8fthp.mongodb.net:27017/measurements (Project: 664bf2a3af8f227bd7fa8356)
14:09:29.722 INFO  - [14:09:29.722] Request #1: /groups/664bf8eb7eaba87090bf4c35/clusters (Project: 664bf8eb7eaba87090bf4c35)
14:09:30.124 INFO  - [14:09:30.124] Request #1: /groups/664bf8eb7eaba87090bf4c35/processes (Project: 664bf8eb7eaba87090bf4c35)
14:09:30.528 INFO  - [14:09:30.528] Request #1: /groups/664bf8eb7eaba87090bf4c35/processes/atlas-456fk5-shard-00-00.yx0cc.mongodb.net:27017/measurements (Project: 664bf8eb7eaba87090bf4c35)
14:09:30.846 INFO  - [14:09:30.845] Request #1: /groups/664bf8eb7eaba87090bf4c35/processes/atlas-456fk5-shard-00-01.yx0cc.mongodb.net:27017/measurements (Project: 664bf8eb7eaba87090bf4c35)
14:09:31.174 INFO  - [14:09:31.174] Request #1: /groups/664bf8eb7eaba87090bf4c35/processes/atlas-456fk5-shard-00-02.yx0cc.mongodb.net:27017/measurements (Project: 664bf8eb7eaba87090bf4c35)
14:09:31.620 INFO  - [14:09:31.620] Request #1: /groups/664bf8eb7eaba87090bf4c35/processes/atlas-456fk5-shard-01-00.yx0cc.mongodb.net:27017/measurements (Project: 664bf8eb7eaba87090bf4c35)
14:09:32.031 INFO  - [14:09:32.031] Request #1: /groups/664bf8eb7eaba87090bf4c35/processes/atlas-456fk5-shard-01-01.yx0cc.mongodb.net:27017/measurements (Project: 664bf8eb7eaba87090bf4c35)
14:09:32.376 INFO  - [14:09:32.376] Request #1: /groups/664bf8eb7eaba87090bf4c35/processes/atlas-456fk5-shard-01-02.yx0cc.mongodb.net:27017/measurements (Project: 664bf8eb7eaba87090bf4c35)
14:09:32.708 INFO  - [14:09:32.708] Request #1: /groups/664bf8eb7eaba87090bf4c35/processes/atlas-456fk5-shard-02-00.yx0cc.mongodb.net:27017/measurements (Project: 664bf8eb7eaba87090bf4c35)
14:09:33.039 INFO  - [14:09:33.039] Request #1: /groups/664bf8eb7eaba87090bf4c35/processes/atlas-456fk5-shard-02-01.yx0cc.mongodb.net:27017/measurements (Project: 664bf8eb7eaba87090bf4c35)
14:09:33.400 INFO  - [14:09:33.400] Request #1: /groups/664bf8eb7eaba87090bf4c35/processes/atlas-456fk5-shard-02-02.yx0cc.mongodb.net:27017/measurements (Project: 664bf8eb7eaba87090bf4c35)
14:09:33.765 INFO  - [14:09:33.765] Request #1: /groups/664bf8eb7eaba87090bf4c35/processes/atlas-456fk5-shard-03-00.yx0cc.mongodb.net:27017/measurements (Project: 664bf8eb7eaba87090bf4c35)
14:09:34.152 INFO  - [14:09:34.152] Request #1: /groups/664bf8eb7eaba87090bf4c35/processes/atlas-456fk5-shard-03-01.yx0cc.mongodb.net:27017/measurements (Project: 664bf8eb7eaba87090bf4c35)
14:09:34.471 INFO  - [14:09:34.471] Request #1: /groups/664bf8eb7eaba87090bf4c35/processes/atlas-456fk5-shard-03-02.yx0cc.mongodb.net:27017/measurements (Project: 664bf8eb7eaba87090bf4c35)
14:09:34.796 INFO  - [14:09:34.796] Request #1: /groups/664bf8eb7eaba87090bf4c35/processes/atlas-456fk5-shard-04-00.yx0cc.mongodb.net:27017/measurements (Project: 664bf8eb7eaba87090bf4c35)
14:09:35.155 INFO  - [14:09:35.155] Request #1: /groups/664bf8eb7eaba87090bf4c35/processes/atlas-456fk5-shard-04-01.yx0cc.mongodb.net:27017/measurements (Project: 664bf8eb7eaba87090bf4c35)
14:09:35.487 INFO  - [14:09:35.487] Request #1: /groups/664bf8eb7eaba87090bf4c35/processes/atlas-456fk5-shard-04-02.yx0cc.mongodb.net:27017/measurements (Project: 664bf8eb7eaba87090bf4c35)
14:09:35.801 INFO  - [14:09:35.801] Request #1: /groups/664bf8eb7eaba87090bf4c35/processes/atlas-456fk5-shard-05-00.yx0cc.mongodb.net:27017/measurements (Project: 664bf8eb7eaba87090bf4c35)
14:09:36.152 INFO  - [14:09:36.152] Request #1: /groups/664bf8eb7eaba87090bf4c35/processes/atlas-456fk5-shard-05-01.yx0cc.mongodb.net:27017/measurements (Project: 664bf8eb7eaba87090bf4c35)
14:09:36.491 INFO  - [14:09:36.490] Request #1: /groups/664bf8eb7eaba87090bf4c35/processes/atlas-456fk5-shard-05-02.yx0cc.mongodb.net:27017/measurements (Project: 664bf8eb7eaba87090bf4c35)
14:09:36.815 INFO  - [14:09:36.815] Request #1: /groups/664bf8eb7eaba87090bf4c35/processes/atlas-456fk5-shard-06-00.yx0cc.mongodb.net:27017/measurements (Project: 664bf8eb7eaba87090bf4c35)
14:09:37.140 INFO  - [14:09:37.140] Request #1: /groups/664bf8eb7eaba87090bf4c35/processes/atlas-456fk5-shard-06-01.yx0cc.mongodb.net:27017/measurements (Project: 664bf8eb7eaba87090bf4c35)
14:09:37.619 INFO  - [14:09:37.619] Request #1: /groups/664bf8eb7eaba87090bf4c35/processes/atlas-456fk5-shard-06-02.yx0cc.mongodb.net:27017/measurements (Project: 664bf8eb7eaba87090bf4c35)
14:10:02.092 INFO  - [14:10:02.092] Request #1: /groups
14:10:03.028 INFO  - [14:10:03.028] Request #1: /groups/664bf2a3af8f227bd7fa8356/clusters (Project: 664bf2a3af8f227bd7fa8356)
14:10:03.422 INFO  - [14:10:03.422] Request #1: /groups/664bf2a3af8f227bd7fa8356/processes (Project: 664bf2a3af8f227bd7fa8356)
14:10:03.816 INFO  - [14:10:03.816] Request #1: /groups/664bf2a3af8f227bd7fa8356/processes/atlas-dzu2kh-shard-00-00.8fthp.mongodb.net:27017/measurements (Project: 664bf2a3af8f227bd7fa8356)
14:10:04.101 INFO  - [14:10:04.100] Request #1: /groups/664bf2a3af8f227bd7fa8356/processes/atlas-dzu2kh-shard-00-01.8fthp.mongodb.net:27017/measurements (Project: 664bf2a3af8f227bd7fa8356)
14:10:04.411 INFO  - [14:10:04.411] Request #1: /groups/664bf2a3af8f227bd7fa8356/processes/atlas-dzu2kh-shard-00-02.8fthp.mongodb.net:27017/measurements (Project: 664bf2a3af8f227bd7fa8356)
14:10:04.704 INFO  - [14:10:04.704] Request #1: /groups/664bf2a3af8f227bd7fa8356/processes/atlas-dzu2kh-shard-01-00.8fthp.mongodb.net:27017/measurements (Project: 664bf2a3af8f227bd7fa8356)
14:10:05.035 INFO  - [14:10:05.035] Request #1: /groups/664bf2a3af8f227bd7fa8356/processes/atlas-dzu2kh-shard-01-01.8fthp.mongodb.net:27017/measurements (Project: 664bf2a3af8f227bd7fa8356)
14:10:05.342 INFO  - [14:10:05.342] Request #1: /groups/664bf2a3af8f227bd7fa8356/processes/atlas-dzu2kh-shard-01-02.8fthp.mongodb.net:27017/measurements (Project: 664bf2a3af8f227bd7fa8356)
14:10:05.685 INFO  - [14:10:05.685] Request #1: /groups/664bf2a3af8f227bd7fa8356/processes/atlas-dzu2kh-shard-02-00.8fthp.mongodb.net:27017/measurements (Project: 664bf2a3af8f227bd7fa8356)
14:10:05.980 INFO  - [14:10:05.980] Request #1: /groups/664bf2a3af8f227bd7fa8356/processes/atlas-dzu2kh-shard-02-01.8fthp.mongodb.net:27017/measurements (Project: 664bf2a3af8f227bd7fa8356)
14:10:06.316 INFO  - [14:10:06.316] Request #1: /groups/664bf2a3af8f227bd7fa8356/processes/atlas-dzu2kh-shard-02-02.8fthp.mongodb.net:27017/measurements (Project: 664bf2a3af8f227bd7fa8356)
14:10:06.643 INFO  - [14:10:06.643] Request #1: /groups/664bf2a3af8f227bd7fa8356/processes/atlas-dzu2kh-shard-03-00.8fthp.mongodb.net:27017/measurements (Project: 664bf2a3af8f227bd7fa8356)
14:10:06.937 INFO  - [14:10:06.937] Request #1: /groups/664bf2a3af8f227bd7fa8356/processes/atlas-dzu2kh-shard-03-01.8fthp.mongodb.net:27017/measurements (Project: 664bf2a3af8f227bd7fa8356)
14:10:07.245 INFO  - [14:10:07.245] Request #1: /groups/664bf2a3af8f227bd7fa8356/processes/atlas-dzu2kh-shard-03-02.8fthp.mongodb.net:27017/measurements (Project: 664bf2a3af8f227bd7fa8356)
14:10:07.550 INFO  - [14:10:07.550] Request #1: /groups/664bf2a3af8f227bd7fa8356/processes/atlas-dzu2kh-shard-04-00.8fthp.mongodb.net:27017/measurements (Project: 664bf2a3af8f227bd7fa8356)
14:10:07.855 INFO  - [14:10:07.855] Request #1: /groups/664bf2a3af8f227bd7fa8356/processes/atlas-dzu2kh-shard-04-01.8fthp.mongodb.net:27017/measurements (Project: 664bf2a3af8f227bd7fa8356)
14:10:08.176 INFO  - [14:10:08.176] Request #1: /groups/664bf2a3af8f227bd7fa8356/processes/atlas-dzu2kh-shard-04-02.8fthp.mongodb.net:27017/measurements (Project: 664bf2a3af8f227bd7fa8356)
14:12:16.092 INFO  - [14:12:16.092] Request #1: /groups/664bf8eb7eaba87090bf4c35/clusters (Project: 664bf8eb7eaba87090bf4c35)
14:12:16.451 INFO  - [14:12:16.451] Request #1: /groups/664bf8eb7eaba87090bf4c35/processes (Project: 664bf8eb7eaba87090bf4c35)
14:12:16.856 INFO  - [14:12:16.856] Request #1: /groups/664bf8eb7eaba87090bf4c35/processes/atlas-456fk5-shard-00-00.yx0cc.mongodb.net:27017/measurements (Project: 664bf8eb7eaba87090bf4c35)
14:14:30.905 INFO  - [14:14:30.905] Request #1: /groups
14:14:31.892 INFO  - [14:14:31.892] Request #1: /groups/664bf2a3af8f227bd7fa8356/clusters (Project: 664bf2a3af8f227bd7fa8356)
14:14:32.295 INFO  - [14:14:32.295] Request #1: /groups/664bf2a3af8f227bd7fa8356/processes (Project: 664bf2a3af8f227bd7fa8356)
14:14:32.725 INFO  - [14:14:32.725] Request #1: /groups/664bf2a3af8f227bd7fa8356/processes/atlas-dzu2kh-shard-00-00.8fthp.mongodb.net:27017/measurements (Project: 664bf2a3af8f227bd7fa8356)
14:22:02.800 INFO  - [14:22:02.800] Request #1: /groups
14:22:03.860 INFO  - [14:22:03.860] Request #1: /groups/664bf2a3af8f227bd7fa8356/clusters (Project: 664bf2a3af8f227bd7fa8356)
14:22:04.209 INFO  - [14:22:04.209] Request #1: /groups/664bf2a3af8f227bd7fa8356/processes (Project: 664bf2a3af8f227bd7fa8356)
14:22:04.595 INFO  - [14:22:04.595] Request #1: /groups/664bf2a3af8f227bd7fa8356/processes/atlas-dzu2kh-shard-00-00.8fthp.mongodb.net:27017/measurements (Project: 664bf2a3af8f227bd7fa8356)
14:39:48.523 INFO  - [14:39:48.523] Request #1: /groups
14:39:49.573 INFO  - [14:39:49.573] Request #1: /groups/664bf2a3af8f227bd7fa8356/clusters (Project: 664bf2a3af8f227bd7fa8356)
14:39:49.930 INFO  - [14:39:49.929] Request #1: /groups/664bf2a3af8f227bd7fa8356/processes (Project: 664bf2a3af8f227bd7fa8356)
14:39:50.328 INFO  - [14:39:50.328] Request #1: /groups/664bf2a3af8f227bd7fa8356/processes/atlas-dzu2kh-shard-00-00.8fthp.mongodb.net:27017/measurements (Project: 664bf2a3af8f227bd7fa8356)
14:40:32.569 INFO  - [14:40:32.569] Request #1: /groups/664bf2a3af8f227bd7fa8356/processes/atlas-dzu2kh-shard-00-01.8fthp.mongodb.net:27017/measurements (Project: 664bf2a3af8f227bd7fa8356)
14:45:42.146 INFO  - [14:45:42.146] Request #1: /groups
14:45:43.066 INFO  - [14:45:43.066] Request #1: /groups/664bf2a3af8f227bd7fa8356/clusters (Project: 664bf2a3af8f227bd7fa8356)
14:45:43.432 INFO  - [14:45:43.432] Request #1: /groups/664bf2a3af8f227bd7fa8356/processes (Project: 664bf2a3af8f227bd7fa8356)
14:45:48.420 INFO  - [14:45:48.420] Request #1: /groups/664bf2a3af8f227bd7fa8356/processes/atlas-dzu2kh-shard-00-00.8fthp.mongodb.net:27017/measurements (Project: 664bf2a3af8f227bd7fa8356)
