13:36:44.907 ERROR - Request failed: https://cloud.mongodb.com/api/atlas/v2/groups/664bf2a3af8f227bd7fa8356/processes/atlas-dzu2kh-shard-01-02.8fthp.mongodb.net:27017/measurements?granularity=PT1M&start=2025-05-19T20:34:33.125682Z&end=2025-05-21T20:34:33.125682Z&pageNum=30&itemsPerPage=500&m=SYSTEM_NORMALIZED_CPU_USER - 429 Too Many Requests: "{"detail":"Resource api/atlas/v2/groups/664bf2a3af8f227bd7fa8356/processes/atlas-dzu2kh-shard-01-02.8fthp.mongodb.net:27017/measurements is limited to 100 requests every 1 minutes.","error":429,"errorCode":"RATE_LIMITED","parameters":["api/atlas/v2/groups/664bf2a3af8f227bd7fa8356/processes/atlas-dzu2kh-shard-01-02.8fthp.mongodb.net:27017/measurements",100,1],"reason":"Too Many Requests"}"
15:46:53.143 INFO  - [15:46:53.143] Request #1: /groups
15:46:53.144 INFO  - Full URL: https://cloud.mongodb.com/api/atlas/v2/groups
15:46:54.304 INFO  - Response time: 1160 ms for URL: https://cloud.mongodb.com/api/atlas/v2/groups
15:46:54.323 INFO  - [15:46:54.323] Request #1: /groups/664bf2a3af8f227bd7fa8356/processes (Project: 664bf2a3af8f227bd7fa8356)
15:46:54.323 INFO  - Full URL: https://cloud.mongodb.com/api/atlas/v2/groups/664bf2a3af8f227bd7fa8356/processes
15:46:54.692 INFO  - Response time: 369 ms for URL: https://cloud.mongodb.com/api/atlas/v2/groups/664bf2a3af8f227bd7fa8356/processes
15:46:54.700 INFO  - [15:46:54.700] Request #1: /groups/664bf2a3af8f227bd7fa8356/processes/atlas-dzu2kh-shard-00-00.8fthp.mongodb.net:27017/measurements (Project: 664bf2a3af8f227bd7fa8356)
15:46:54.700 INFO  - Full URL: https://cloud.mongodb.com/api/atlas/v2/groups/664bf2a3af8f227bd7fa8356/processes/atlas-dzu2kh-shard-00-00.8fthp.mongodb.net:27017/measurements?granularity=PT1M&period=P7D&pageNum=1&itemsPerPage=500&m=SYSTEM_NORMALIZED_CPU_USER
15:46:54.701 INFO  - Query parameters:
15:46:54.701 INFO  -   period = P7D
15:46:54.701 INFO  -   granularity = PT1M
15:46:54.701 INFO  -   itemsPerPage = 500
15:46:54.701 INFO  -   pageNum = 1
15:46:54.701 INFO  -   m = SYSTEM_NORMALIZED_CPU_USER
15:46:55.393 INFO  - Response time: 692 ms for URL: https://cloud.mongodb.com/api/atlas/v2/groups/664bf2a3af8f227bd7fa8356/processes/atlas-dzu2kh-shard-00-00.8fthp.mongodb.net:27017/measurements?granularity=PT1M&period=P7D&pageNum=1&itemsPerPage=500&m=SYSTEM_NORMALIZED_CPU_USER
15:46:55.416 INFO  - [15:46:55.416] Request #2: /groups/664bf2a3af8f227bd7fa8356/processes/atlas-dzu2kh-shard-00-00.8fthp.mongodb.net:27017/measurements (Project: 664bf2a3af8f227bd7fa8356)
15:46:55.416 INFO  - Full URL: https://cloud.mongodb.com/api/atlas/v2/groups/664bf2a3af8f227bd7fa8356/processes/atlas-dzu2kh-shard-00-00.8fthp.mongodb.net:27017/measurements?granularity=PT1M&period=P7D&pageNum=2&itemsPerPage=500&m=SYSTEM_NORMALIZED_CPU_USER
15:46:55.416 INFO  - Query parameters:
15:46:55.416 INFO  -   period = P7D
15:46:55.416 INFO  -   granularity = PT1M
15:46:55.416 INFO  -   itemsPerPage = 500
15:46:55.416 INFO  -   pageNum = 2
15:46:55.416 INFO  -   m = SYSTEM_NORMALIZED_CPU_USER
15:46:55.892 INFO  - Response time: 476 ms for URL: https://cloud.mongodb.com/api/atlas/v2/groups/664bf2a3af8f227bd7fa8356/processes/atlas-dzu2kh-shard-00-00.8fthp.mongodb.net:27017/measurements?granularity=PT1M&period=P7D&pageNum=2&itemsPerPage=500&m=SYSTEM_NORMALIZED_CPU_USER
15:46:55.906 INFO  - [15:46:55.906] Request #3: /groups/664bf2a3af8f227bd7fa8356/processes/atlas-dzu2kh-shard-00-00.8fthp.mongodb.net:27017/measurements (Project: 664bf2a3af8f227bd7fa8356)
15:46:55.906 INFO  - Full URL: https://cloud.mongodb.com/api/atlas/v2/groups/664bf2a3af8f227bd7fa8356/processes/atlas-dzu2kh-shard-00-00.8fthp.mongodb.net:27017/measurements?granularity=PT1M&period=P7D&pageNum=3&itemsPerPage=500&m=SYSTEM_NORMALIZED_CPU_USER
15:46:55.906 INFO  - Query parameters:
15:46:55.906 INFO  -   period = P7D
15:46:55.906 INFO  -   granularity = PT1M
15:46:55.906 INFO  -   itemsPerPage = 500
15:46:55.906 INFO  -   pageNum = 3
15:46:55.906 INFO  -   m = SYSTEM_NORMALIZED_CPU_USER
15:46:56.388 INFO  - Response time: 482 ms for URL: https://cloud.mongodb.com/api/atlas/v2/groups/664bf2a3af8f227bd7fa8356/processes/atlas-dzu2kh-shard-00-00.8fthp.mongodb.net:27017/measurements?granularity=PT1M&period=P7D&pageNum=3&itemsPerPage=500&m=SYSTEM_NORMALIZED_CPU_USER
15:46:56.398 INFO  - [15:46:56.398] Request #4: /groups/664bf2a3af8f227bd7fa8356/processes/atlas-dzu2kh-shard-00-00.8fthp.mongodb.net:27017/measurements (Project: 664bf2a3af8f227bd7fa8356)
15:46:56.400 INFO  - Full URL: https://cloud.mongodb.com/api/atlas/v2/groups/664bf2a3af8f227bd7fa8356/processes/atlas-dzu2kh-shard-00-00.8fthp.mongodb.net:27017/measurements?granularity=PT1M&period=P7D&pageNum=4&itemsPerPage=500&m=SYSTEM_NORMALIZED_CPU_USER
15:46:56.403 INFO  - Query parameters:
15:46:56.403 INFO  -   period = P7D
15:46:56.403 INFO  -   granularity = PT1M
15:46:56.403 INFO  -   itemsPerPage = 500
15:46:56.406 INFO  -   pageNum = 4
15:46:56.406 INFO  -   m = SYSTEM_NORMALIZED_CPU_USER
15:46:56.787 INFO  - Response time: 381 ms for URL: https://cloud.mongodb.com/api/atlas/v2/groups/664bf2a3af8f227bd7fa8356/processes/atlas-dzu2kh-shard-00-00.8fthp.mongodb.net:27017/measurements?granularity=PT1M&period=P7D&pageNum=4&itemsPerPage=500&m=SYSTEM_NORMALIZED_CPU_USER
15:46:56.792 INFO  - [15:46:56.792] Request #5: /groups/664bf2a3af8f227bd7fa8356/processes/atlas-dzu2kh-shard-00-00.8fthp.mongodb.net:27017/measurements (Project: 664bf2a3af8f227bd7fa8356)
15:46:56.792 INFO  - Full URL: https://cloud.mongodb.com/api/atlas/v2/groups/664bf2a3af8f227bd7fa8356/processes/atlas-dzu2kh-shard-00-00.8fthp.mongodb.net:27017/measurements?granularity=PT1M&period=P7D&pageNum=5&itemsPerPage=500&m=SYSTEM_NORMALIZED_CPU_USER
15:46:56.792 INFO  - Query parameters:
15:46:56.792 INFO  -   period = P7D
15:46:56.792 INFO  -   granularity = PT1M
15:46:56.792 INFO  -   itemsPerPage = 500
15:46:56.792 INFO  -   pageNum = 5
15:46:56.792 INFO  -   m = SYSTEM_NORMALIZED_CPU_USER
15:46:57.189 INFO  - Response time: 395 ms for URL: https://cloud.mongodb.com/api/atlas/v2/groups/664bf2a3af8f227bd7fa8356/processes/atlas-dzu2kh-shard-00-00.8fthp.mongodb.net:27017/measurements?granularity=PT1M&period=P7D&pageNum=5&itemsPerPage=500&m=SYSTEM_NORMALIZED_CPU_USER
15:46:57.194 INFO  - [15:46:57.194] Request #6: /groups/664bf2a3af8f227bd7fa8356/processes/atlas-dzu2kh-shard-00-00.8fthp.mongodb.net:27017/measurements (Project: 664bf2a3af8f227bd7fa8356)
15:46:57.194 INFO  - Full URL: https://cloud.mongodb.com/api/atlas/v2/groups/664bf2a3af8f227bd7fa8356/processes/atlas-dzu2kh-shard-00-00.8fthp.mongodb.net:27017/measurements?granularity=PT1M&period=P7D&pageNum=6&itemsPerPage=500&m=SYSTEM_NORMALIZED_CPU_USER
15:46:57.194 INFO  - Query parameters:
15:46:57.194 INFO  -   period = P7D
15:46:57.194 INFO  -   granularity = PT1M
15:46:57.194 INFO  -   itemsPerPage = 500
15:46:57.194 INFO  -   pageNum = 6
15:46:57.194 INFO  -   m = SYSTEM_NORMALIZED_CPU_USER
15:46:57.609 INFO  - Response time: 415 ms for URL: https://cloud.mongodb.com/api/atlas/v2/groups/664bf2a3af8f227bd7fa8356/processes/atlas-dzu2kh-shard-00-00.8fthp.mongodb.net:27017/measurements?granularity=PT1M&period=P7D&pageNum=6&itemsPerPage=500&m=SYSTEM_NORMALIZED_CPU_USER
15:46:57.618 INFO  - [15:46:57.618] Request #7: /groups/664bf2a3af8f227bd7fa8356/processes/atlas-dzu2kh-shard-00-00.8fthp.mongodb.net:27017/measurements (Project: 664bf2a3af8f227bd7fa8356)
15:46:57.619 INFO  - Full URL: https://cloud.mongodb.com/api/atlas/v2/groups/664bf2a3af8f227bd7fa8356/processes/atlas-dzu2kh-shard-00-00.8fthp.mongodb.net:27017/measurements?granularity=PT1M&period=P7D&pageNum=7&itemsPerPage=500&m=SYSTEM_NORMALIZED_CPU_USER
15:46:57.619 INFO  - Query parameters:
15:46:57.619 INFO  -   period = P7D
15:46:57.619 INFO  -   granularity = PT1M
15:46:57.619 INFO  -   itemsPerPage = 500
15:46:57.619 INFO  -   pageNum = 7
15:46:57.619 INFO  -   m = SYSTEM_NORMALIZED_CPU_USER
15:46:57.981 INFO  - Response time: 362 ms for URL: https://cloud.mongodb.com/api/atlas/v2/groups/664bf2a3af8f227bd7fa8356/processes/atlas-dzu2kh-shard-00-00.8fthp.mongodb.net:27017/measurements?granularity=PT1M&period=P7D&pageNum=7&itemsPerPage=500&m=SYSTEM_NORMALIZED_CPU_USER
15:46:57.985 INFO  - [15:46:57.985] Request #8: /groups/664bf2a3af8f227bd7fa8356/processes/atlas-dzu2kh-shard-00-00.8fthp.mongodb.net:27017/measurements (Project: 664bf2a3af8f227bd7fa8356)
15:46:57.986 INFO  - Full URL: https://cloud.mongodb.com/api/atlas/v2/groups/664bf2a3af8f227bd7fa8356/processes/atlas-dzu2kh-shard-00-00.8fthp.mongodb.net:27017/measurements?granularity=PT1M&period=P7D&pageNum=8&itemsPerPage=500&m=SYSTEM_NORMALIZED_CPU_USER
15:46:57.986 INFO  - Query parameters:
15:46:57.986 INFO  -   period = P7D
15:46:57.986 INFO  -   granularity = PT1M
15:46:57.986 INFO  -   itemsPerPage = 500
15:46:57.986 INFO  -   pageNum = 8
15:46:57.986 INFO  -   m = SYSTEM_NORMALIZED_CPU_USER
15:46:57.986 INFO  - Endpoint usage statistics:
15:46:57.990 INFO  -   /groups/664bf2a3af8f227bd7fa8356/processes/atlas-dzu2kh-shard-00-00.8fthp.mongodb.net:27017/measurements: 8 requests
15:46:57.990 INFO  -   /groups: 1 requests
15:46:57.991 INFO  -   /groups/664bf2a3af8f227bd7fa8356/processes: 1 requests
15:46:58.454 INFO  - Response time: 463 ms for URL: https://cloud.mongodb.com/api/atlas/v2/groups/664bf2a3af8f227bd7fa8356/processes/atlas-dzu2kh-shard-00-00.8fthp.mongodb.net:27017/measurements?granularity=PT1M&period=P7D&pageNum=8&itemsPerPage=500&m=SYSTEM_NORMALIZED_CPU_USER
15:46:58.457 INFO  - [15:46:58.457] Request #9: /groups/664bf2a3af8f227bd7fa8356/processes/atlas-dzu2kh-shard-00-00.8fthp.mongodb.net:27017/measurements (Project: 664bf2a3af8f227bd7fa8356)
15:46:58.458 INFO  - Full URL: https://cloud.mongodb.com/api/atlas/v2/groups/664bf2a3af8f227bd7fa8356/processes/atlas-dzu2kh-shard-00-00.8fthp.mongodb.net:27017/measurements?granularity=PT1M&period=P7D&pageNum=9&itemsPerPage=500&m=SYSTEM_NORMALIZED_CPU_USER
15:46:58.458 INFO  - Query parameters:
15:46:58.458 INFO  -   period = P7D
15:46:58.458 INFO  -   granularity = PT1M
15:46:58.458 INFO  -   itemsPerPage = 500
15:46:58.458 INFO  -   pageNum = 9
15:46:58.458 INFO  -   m = SYSTEM_NORMALIZED_CPU_USER
15:46:59.023 INFO  - Response time: 565 ms for URL: https://cloud.mongodb.com/api/atlas/v2/groups/664bf2a3af8f227bd7fa8356/processes/atlas-dzu2kh-shard-00-00.8fthp.mongodb.net:27017/measurements?granularity=PT1M&period=P7D&pageNum=9&itemsPerPage=500&m=SYSTEM_NORMALIZED_CPU_USER
15:46:59.026 INFO  - [15:46:59.026] Request #10: /groups/664bf2a3af8f227bd7fa8356/processes/atlas-dzu2kh-shard-00-00.8fthp.mongodb.net:27017/measurements (Project: 664bf2a3af8f227bd7fa8356)
15:46:59.026 INFO  - Full URL: https://cloud.mongodb.com/api/atlas/v2/groups/664bf2a3af8f227bd7fa8356/processes/atlas-dzu2kh-shard-00-00.8fthp.mongodb.net:27017/measurements?granularity=PT1M&period=P7D&pageNum=10&itemsPerPage=500&m=SYSTEM_NORMALIZED_CPU_USER
15:46:59.026 INFO  - Query parameters:
15:46:59.026 INFO  -   period = P7D
15:46:59.026 INFO  -   granularity = PT1M
15:46:59.026 INFO  -   itemsPerPage = 500
15:46:59.026 INFO  -   pageNum = 10
15:46:59.026 INFO  -   m = SYSTEM_NORMALIZED_CPU_USER
15:46:59.438 INFO  - Response time: 412 ms for URL: https://cloud.mongodb.com/api/atlas/v2/groups/664bf2a3af8f227bd7fa8356/processes/atlas-dzu2kh-shard-00-00.8fthp.mongodb.net:27017/measurements?granularity=PT1M&period=P7D&pageNum=10&itemsPerPage=500&m=SYSTEM_NORMALIZED_CPU_USER
15:46:59.447 INFO  - [15:46:59.447] Request #11: /groups/664bf2a3af8f227bd7fa8356/processes/atlas-dzu2kh-shard-00-00.8fthp.mongodb.net:27017/measurements (Project: 664bf2a3af8f227bd7fa8356)
15:46:59.447 INFO  - Full URL: https://cloud.mongodb.com/api/atlas/v2/groups/664bf2a3af8f227bd7fa8356/processes/atlas-dzu2kh-shard-00-00.8fthp.mongodb.net:27017/measurements?granularity=PT1M&period=P7D&pageNum=11&itemsPerPage=500&m=SYSTEM_NORMALIZED_CPU_USER
15:46:59.447 INFO  - Query parameters:
15:46:59.447 INFO  -   period = P7D
15:46:59.448 INFO  -   granularity = PT1M
15:46:59.448 INFO  -   itemsPerPage = 500
15:46:59.448 INFO  -   pageNum = 11
15:46:59.448 INFO  -   m = SYSTEM_NORMALIZED_CPU_USER
15:46:59.898 INFO  - Response time: 450 ms for URL: https://cloud.mongodb.com/api/atlas/v2/groups/664bf2a3af8f227bd7fa8356/processes/atlas-dzu2kh-shard-00-00.8fthp.mongodb.net:27017/measurements?granularity=PT1M&period=P7D&pageNum=11&itemsPerPage=500&m=SYSTEM_NORMALIZED_CPU_USER
15:46:59.905 INFO  - [15:46:59.905] Request #12: /groups/664bf2a3af8f227bd7fa8356/processes/atlas-dzu2kh-shard-00-00.8fthp.mongodb.net:27017/measurements (Project: 664bf2a3af8f227bd7fa8356)
15:46:59.905 INFO  - Full URL: https://cloud.mongodb.com/api/atlas/v2/groups/664bf2a3af8f227bd7fa8356/processes/atlas-dzu2kh-shard-00-00.8fthp.mongodb.net:27017/measurements?granularity=PT1M&period=P7D&pageNum=12&itemsPerPage=500&m=SYSTEM_NORMALIZED_CPU_USER
15:46:59.905 INFO  - Query parameters:
15:46:59.905 INFO  -   period = P7D
15:46:59.905 INFO  -   granularity = PT1M
15:46:59.906 INFO  -   itemsPerPage = 500
15:46:59.906 INFO  -   pageNum = 12
15:46:59.906 INFO  -   m = SYSTEM_NORMALIZED_CPU_USER
15:47:00.348 INFO  - Response time: 442 ms for URL: https://cloud.mongodb.com/api/atlas/v2/groups/664bf2a3af8f227bd7fa8356/processes/atlas-dzu2kh-shard-00-00.8fthp.mongodb.net:27017/measurements?granularity=PT1M&period=P7D&pageNum=12&itemsPerPage=500&m=SYSTEM_NORMALIZED_CPU_USER
15:47:00.353 INFO  - [15:47:00.353] Request #13: /groups/664bf2a3af8f227bd7fa8356/processes/atlas-dzu2kh-shard-00-00.8fthp.mongodb.net:27017/measurements (Project: 664bf2a3af8f227bd7fa8356)
15:47:00.353 INFO  - Full URL: https://cloud.mongodb.com/api/atlas/v2/groups/664bf2a3af8f227bd7fa8356/processes/atlas-dzu2kh-shard-00-00.8fthp.mongodb.net:27017/measurements?granularity=PT1M&period=P7D&pageNum=13&itemsPerPage=500&m=SYSTEM_NORMALIZED_CPU_USER
15:47:00.353 INFO  - Query parameters:
15:47:00.353 INFO  -   period = P7D
15:47:00.353 INFO  -   granularity = PT1M
15:47:00.353 INFO  -   itemsPerPage = 500
15:47:00.353 INFO  -   pageNum = 13
15:47:00.353 INFO  -   m = SYSTEM_NORMALIZED_CPU_USER
15:47:00.860 INFO  - Response time: 507 ms for URL: https://cloud.mongodb.com/api/atlas/v2/groups/664bf2a3af8f227bd7fa8356/processes/atlas-dzu2kh-shard-00-00.8fthp.mongodb.net:27017/measurements?granularity=PT1M&period=P7D&pageNum=13&itemsPerPage=500&m=SYSTEM_NORMALIZED_CPU_USER
15:47:00.863 INFO  - [15:47:00.863] Request #14: /groups/664bf2a3af8f227bd7fa8356/processes/atlas-dzu2kh-shard-00-00.8fthp.mongodb.net:27017/measurements (Project: 664bf2a3af8f227bd7fa8356)
15:47:00.864 INFO  - Full URL: https://cloud.mongodb.com/api/atlas/v2/groups/664bf2a3af8f227bd7fa8356/processes/atlas-dzu2kh-shard-00-00.8fthp.mongodb.net:27017/measurements?granularity=PT1M&period=P7D&pageNum=14&itemsPerPage=500&m=SYSTEM_NORMALIZED_CPU_USER
15:47:00.864 INFO  - Query parameters:
15:47:00.864 INFO  -   period = P7D
15:47:00.864 INFO  -   granularity = PT1M
15:47:00.864 INFO  -   itemsPerPage = 500
15:47:00.864 INFO  -   pageNum = 14
15:47:00.864 INFO  -   m = SYSTEM_NORMALIZED_CPU_USER
15:47:01.392 INFO  - Response time: 528 ms for URL: https://cloud.mongodb.com/api/atlas/v2/groups/664bf2a3af8f227bd7fa8356/processes/atlas-dzu2kh-shard-00-00.8fthp.mongodb.net:27017/measurements?granularity=PT1M&period=P7D&pageNum=14&itemsPerPage=500&m=SYSTEM_NORMALIZED_CPU_USER
15:47:01.395 INFO  - [15:47:01.395] Request #15: /groups/664bf2a3af8f227bd7fa8356/processes/atlas-dzu2kh-shard-00-00.8fthp.mongodb.net:27017/measurements (Project: 664bf2a3af8f227bd7fa8356)
15:47:01.396 INFO  - Full URL: https://cloud.mongodb.com/api/atlas/v2/groups/664bf2a3af8f227bd7fa8356/processes/atlas-dzu2kh-shard-00-00.8fthp.mongodb.net:27017/measurements?granularity=PT1M&period=P7D&pageNum=15&itemsPerPage=500&m=SYSTEM_NORMALIZED_CPU_USER
15:47:01.396 INFO  - Query parameters:
15:47:01.396 INFO  -   period = P7D
15:47:01.396 INFO  -   granularity = PT1M
15:47:01.396 INFO  -   itemsPerPage = 500
15:47:01.396 INFO  -   pageNum = 15
15:47:01.396 INFO  -   m = SYSTEM_NORMALIZED_CPU_USER
15:47:02.058 INFO  - Response time: 662 ms for URL: https://cloud.mongodb.com/api/atlas/v2/groups/664bf2a3af8f227bd7fa8356/processes/atlas-dzu2kh-shard-00-00.8fthp.mongodb.net:27017/measurements?granularity=PT1M&period=P7D&pageNum=15&itemsPerPage=500&m=SYSTEM_NORMALIZED_CPU_USER
15:47:02.061 INFO  - [15:47:02.061] Request #16: /groups/664bf2a3af8f227bd7fa8356/processes/atlas-dzu2kh-shard-00-00.8fthp.mongodb.net:27017/measurements (Project: 664bf2a3af8f227bd7fa8356)
15:47:02.062 INFO  - Full URL: https://cloud.mongodb.com/api/atlas/v2/groups/664bf2a3af8f227bd7fa8356/processes/atlas-dzu2kh-shard-00-00.8fthp.mongodb.net:27017/measurements?granularity=PT1M&period=P7D&pageNum=16&itemsPerPage=500&m=SYSTEM_NORMALIZED_CPU_USER
15:47:02.066 INFO  - Query parameters:
15:47:02.070 INFO  -   period = P7D
15:47:02.073 INFO  -   granularity = PT1M
15:47:02.073 INFO  -   itemsPerPage = 500
15:47:02.074 INFO  -   pageNum = 16
15:47:02.074 INFO  -   m = SYSTEM_NORMALIZED_CPU_USER
15:47:02.537 INFO  - Response time: 459 ms for URL: https://cloud.mongodb.com/api/atlas/v2/groups/664bf2a3af8f227bd7fa8356/processes/atlas-dzu2kh-shard-00-00.8fthp.mongodb.net:27017/measurements?granularity=PT1M&period=P7D&pageNum=16&itemsPerPage=500&m=SYSTEM_NORMALIZED_CPU_USER
15:47:02.549 INFO  - [15:47:02.549] Request #17: /groups/664bf2a3af8f227bd7fa8356/processes/atlas-dzu2kh-shard-00-00.8fthp.mongodb.net:27017/measurements (Project: 664bf2a3af8f227bd7fa8356)
15:47:02.550 INFO  - Full URL: https://cloud.mongodb.com/api/atlas/v2/groups/664bf2a3af8f227bd7fa8356/processes/atlas-dzu2kh-shard-00-00.8fthp.mongodb.net:27017/measurements?granularity=PT1M&period=P7D&pageNum=17&itemsPerPage=500&m=SYSTEM_NORMALIZED_CPU_USER
15:47:02.550 INFO  - Query parameters:
15:47:02.550 INFO  -   period = P7D
15:47:02.550 INFO  -   granularity = PT1M
15:47:02.550 INFO  -   itemsPerPage = 500
15:47:02.550 INFO  -   pageNum = 17
15:47:02.550 INFO  -   m = SYSTEM_NORMALIZED_CPU_USER
15:47:03.028 INFO  - Response time: 478 ms for URL: https://cloud.mongodb.com/api/atlas/v2/groups/664bf2a3af8f227bd7fa8356/processes/atlas-dzu2kh-shard-00-00.8fthp.mongodb.net:27017/measurements?granularity=PT1M&period=P7D&pageNum=17&itemsPerPage=500&m=SYSTEM_NORMALIZED_CPU_USER
15:47:03.032 INFO  - [15:47:03.032] Request #18: /groups/664bf2a3af8f227bd7fa8356/processes/atlas-dzu2kh-shard-00-00.8fthp.mongodb.net:27017/measurements (Project: 664bf2a3af8f227bd7fa8356)
15:47:03.032 INFO  - Full URL: https://cloud.mongodb.com/api/atlas/v2/groups/664bf2a3af8f227bd7fa8356/processes/atlas-dzu2kh-shard-00-00.8fthp.mongodb.net:27017/measurements?granularity=PT1M&period=P7D&pageNum=18&itemsPerPage=500&m=SYSTEM_NORMALIZED_CPU_USER
15:47:03.032 INFO  - Query parameters:
15:47:03.033 INFO  -   period = P7D
15:47:03.033 INFO  -   granularity = PT1M
15:47:03.033 INFO  -   itemsPerPage = 500
15:47:03.033 INFO  -   pageNum = 18
15:47:03.033 INFO  -   m = SYSTEM_NORMALIZED_CPU_USER
15:47:03.033 INFO  - Endpoint usage statistics:
15:47:03.033 INFO  -   /groups/664bf2a3af8f227bd7fa8356/processes/atlas-dzu2kh-shard-00-00.8fthp.mongodb.net:27017/measurements: 18 requests
15:47:03.033 INFO  -   /groups: 1 requests
15:47:03.033 INFO  -   /groups/664bf2a3af8f227bd7fa8356/processes: 1 requests
15:47:03.470 INFO  - Response time: 437 ms for URL: https://cloud.mongodb.com/api/atlas/v2/groups/664bf2a3af8f227bd7fa8356/processes/atlas-dzu2kh-shard-00-00.8fthp.mongodb.net:27017/measurements?granularity=PT1M&period=P7D&pageNum=18&itemsPerPage=500&m=SYSTEM_NORMALIZED_CPU_USER
15:47:03.477 INFO  - [15:47:03.477] Request #19: /groups/664bf2a3af8f227bd7fa8356/processes/atlas-dzu2kh-shard-00-00.8fthp.mongodb.net:27017/measurements (Project: 664bf2a3af8f227bd7fa8356)
15:47:03.478 INFO  - Full URL: https://cloud.mongodb.com/api/atlas/v2/groups/664bf2a3af8f227bd7fa8356/processes/atlas-dzu2kh-shard-00-00.8fthp.mongodb.net:27017/measurements?granularity=PT1M&period=P7D&pageNum=19&itemsPerPage=500&m=SYSTEM_NORMALIZED_CPU_USER
15:47:03.478 INFO  - Query parameters:
15:47:03.478 INFO  -   period = P7D
15:47:03.478 INFO  -   granularity = PT1M
15:47:03.478 INFO  -   itemsPerPage = 500
15:47:03.478 INFO  -   pageNum = 19
15:47:03.478 INFO  -   m = SYSTEM_NORMALIZED_CPU_USER
15:47:03.968 INFO  - Response time: 490 ms for URL: https://cloud.mongodb.com/api/atlas/v2/groups/664bf2a3af8f227bd7fa8356/processes/atlas-dzu2kh-shard-00-00.8fthp.mongodb.net:27017/measurements?granularity=PT1M&period=P7D&pageNum=19&itemsPerPage=500&m=SYSTEM_NORMALIZED_CPU_USER
15:47:03.970 INFO  - [15:47:03.970] Request #20: /groups/664bf2a3af8f227bd7fa8356/processes/atlas-dzu2kh-shard-00-00.8fthp.mongodb.net:27017/measurements (Project: 664bf2a3af8f227bd7fa8356)
15:47:03.970 INFO  - Full URL: https://cloud.mongodb.com/api/atlas/v2/groups/664bf2a3af8f227bd7fa8356/processes/atlas-dzu2kh-shard-00-00.8fthp.mongodb.net:27017/measurements?granularity=PT1M&period=P7D&pageNum=20&itemsPerPage=500&m=SYSTEM_NORMALIZED_CPU_USER
15:47:03.970 INFO  - Query parameters:
15:47:03.970 INFO  -   period = P7D
15:47:03.970 INFO  -   granularity = PT1M
15:47:03.970 INFO  -   itemsPerPage = 500
15:47:03.971 INFO  -   pageNum = 20
15:47:03.971 INFO  -   m = SYSTEM_NORMALIZED_CPU_USER
