13:48:21.205 INFO  - [13:48:21.205] Request #1: /groups
13:48:22.448 INFO  - [13:48:22.448] Request #1: /groups/664bf2a3af8f227bd7fa8356/clusters (Project: 664bf2a3af8f227bd7fa8356)
13:48:22.808 INFO  - [13:48:22.808] Request #1: /groups/664bf2a3af8f227bd7fa8356/processes (Project: 664bf2a3af8f227bd7fa8356)
13:48:23.191 INFO  - [13:48:23.191] Request #1: /groups/664bf8eb7eaba87090bf4c35/clusters (Project: 664bf8eb7eaba87090bf4c35)
13:48:23.552 INFO  - [13:48:23.552] Request #1: /groups/664bf8eb7eaba87090bf4c35/processes (Project: 664bf8eb7eaba87090bf4c35)
13:53:23.904 INFO  - [13:53:23.904] Request #2: /groups
13:53:24.748 INFO  - [13:53:24.748] Request #2: /groups/664bf2a3af8f227bd7fa8356/clusters (Project: 664bf2a3af8f227bd7fa8356)
13:53:25.133 INFO  - [13:53:25.133] Request #2: /groups/664bf2a3af8f227bd7fa8356/processes (Project: 664bf2a3af8f227bd7fa8356)
13:53:25.831 INFO  - [13:53:25.831] Request #2: /groups/664bf8eb7eaba87090bf4c35/clusters (Project: 664bf8eb7eaba87090bf4c35)
13:53:26.391 INFO  - [13:53:26.390] Request #2: /groups/664bf8eb7eaba87090bf4c35/processes (Project: 664bf8eb7eaba87090bf4c35)
14:23:20.992 INFO  - [14:23:20.992] Request #1: /groups
14:23:22.063 INFO  - [14:23:22.063] Request #1: /groups/664bf2a3af8f227bd7fa8356/clusters (Project: 664bf2a3af8f227bd7fa8356)
14:23:22.635 INFO  - [14:23:22.635] Request #1: /groups/664bf2a3af8f227bd7fa8356/processes (Project: 664bf2a3af8f227bd7fa8356)
14:23:23.131 INFO  - [14:23:23.131] Request #1: /groups/664bf8eb7eaba87090bf4c35/clusters (Project: 664bf8eb7eaba87090bf4c35)
14:23:23.499 INFO  - [14:23:23.499] Request #1: /groups/664bf8eb7eaba87090bf4c35/processes (Project: 664bf8eb7eaba87090bf4c35)
14:24:37.357 INFO  - [14:24:37.357] Request #1: /groups
14:24:38.284 INFO  - [14:24:38.284] Request #1: /groups/664bf2a3af8f227bd7fa8356/clusters (Project: 664bf2a3af8f227bd7fa8356)
14:24:38.705 INFO  - [14:24:38.704] Request #1: /groups/664bf2a3af8f227bd7fa8356/processes (Project: 664bf2a3af8f227bd7fa8356)
14:24:39.119 INFO  - [14:24:39.119] Request #1: /groups/664bf8eb7eaba87090bf4c35/clusters (Project: 664bf8eb7eaba87090bf4c35)
14:24:39.509 INFO  - [14:24:39.509] Request #1: /groups/664bf8eb7eaba87090bf4c35/processes (Project: 664bf8eb7eaba87090bf4c35)
14:27:43.367 INFO  - [14:27:43.367] Request #1: /groups
14:27:44.352 INFO  - [14:27:44.352] Request #1: /groups/664bf2a3af8f227bd7fa8356/clusters (Project: 664bf2a3af8f227bd7fa8356)
14:27:44.757 INFO  - [14:27:44.757] Request #1: /groups/664bf2a3af8f227bd7fa8356/processes (Project: 664bf2a3af8f227bd7fa8356)
14:27:45.156 INFO  - [14:27:45.156] Request #1: /groups/664bf8eb7eaba87090bf4c35/clusters (Project: 664bf8eb7eaba87090bf4c35)
14:27:45.542 INFO  - [14:27:45.542] Request #1: /groups/664bf8eb7eaba87090bf4c35/processes (Project: 664bf8eb7eaba87090bf4c35)
14:44:48.389 INFO  - [14:44:48.389] Request #1: /groups
14:44:49.361 INFO  - [14:44:49.361] Request #1: /groups/664bf2a3af8f227bd7fa8356/clusters (Project: 664bf2a3af8f227bd7fa8356)
14:44:49.720 INFO  - [14:44:49.720] Request #1: /groups/664bf2a3af8f227bd7fa8356/processes (Project: 664bf2a3af8f227bd7fa8356)
14:45:42.070 INFO  - [14:45:42.070] Request #1: /groups
14:45:43.068 INFO  - [14:45:43.067] Request #1: /groups/664bf2a3af8f227bd7fa8356/clusters (Project: 664bf2a3af8f227bd7fa8356)
14:45:43.449 INFO  - [14:45:43.449] Request #1: /groups/664bf2a3af8f227bd7fa8356/processes (Project: 664bf2a3af8f227bd7fa8356)
14:47:37.186 INFO  - [14:47:37.186] Request #1: /groups
14:47:38.222 INFO  - [14:47:38.222] Request #1: /groups/664bf2a3af8f227bd7fa8356/clusters (Project: 664bf2a3af8f227bd7fa8356)
14:47:38.589 INFO  - [14:47:38.589] Request #1: /groups/664bf2a3af8f227bd7fa8356/processes (Project: 664bf2a3af8f227bd7fa8356)
15:36:47.248 INFO  - [15:36:47.248] Request #1: /groups
15:36:48.245 INFO  - [15:36:48.245] Request #1: /groups/664bf2a3af8f227bd7fa8356/clusters (Project: 664bf2a3af8f227bd7fa8356)
15:55:26.794 INFO  - [15:55:26.794] Request #1: /groups
15:55:27.879 INFO  - [15:55:27.879] Request #1: /groups/664bf2a3af8f227bd7fa8356/clusters (Project: 664bf2a3af8f227bd7fa8356)
15:55:28.296 INFO  - [15:55:28.296] Request #1: /groups/664bf2a3af8f227bd7fa8356/processes (Project: 664bf2a3af8f227bd7fa8356)
15:55:28.703 INFO  - [15:55:28.703] Request #1: /groups/664bf8eb7eaba87090bf4c35/clusters (Project: 664bf8eb7eaba87090bf4c35)
15:55:29.311 INFO  - [15:55:29.311] Request #1: /groups/664bf8eb7eaba87090bf4c35/processes (Project: 664bf8eb7eaba87090bf4c35)
15:57:23.667 INFO  - [15:57:23.667] Request #1: /groups
15:57:24.627 INFO  - [15:57:24.627] Request #1: /groups/664bf2a3af8f227bd7fa8356/clusters (Project: 664bf2a3af8f227bd7fa8356)
15:57:25.005 INFO  - [15:57:25.005] Request #1: /groups/664bf2a3af8f227bd7fa8356/processes (Project: 664bf2a3af8f227bd7fa8356)
15:57:25.418 INFO  - [15:57:25.418] Request #1: /groups/664bf8eb7eaba87090bf4c35/clusters (Project: 664bf8eb7eaba87090bf4c35)
15:57:25.766 INFO  - [15:57:25.766] Request #1: /groups/664bf8eb7eaba87090bf4c35/processes (Project: 664bf8eb7eaba87090bf4c35)
16:38:25.078 INFO  - [16:38:25.078] Request #1: /groups
16:38:26.184 INFO  - [16:38:26.184] Request #1: /groups/664bf2a3af8f227bd7fa8356/clusters (Project: 664bf2a3af8f227bd7fa8356)
16:38:26.573 INFO  - [16:38:26.573] Request #1: /groups/664bf2a3af8f227bd7fa8356/processes (Project: 664bf2a3af8f227bd7fa8356)
16:38:26.985 INFO  - [16:38:26.985] Request #1: /groups/664bf2a3af8f227bd7fa8356/processes/atlas-dzu2kh-shard-00-00.8fthp.mongodb.net:27017/measurements (Project: 664bf2a3af8f227bd7fa8356)
16:38:27.314 INFO  - [16:38:27.314] Request #1: /groups/664bf2a3af8f227bd7fa8356/processes/atlas-dzu2kh-shard-00-01.8fthp.mongodb.net:27017/measurements (Project: 664bf2a3af8f227bd7fa8356)
16:38:27.660 INFO  - [16:38:27.660] Request #1: /groups/664bf2a3af8f227bd7fa8356/processes/atlas-dzu2kh-shard-00-02.8fthp.mongodb.net:27017/measurements (Project: 664bf2a3af8f227bd7fa8356)
16:38:27.987 INFO  - [16:38:27.987] Request #1: /groups/664bf2a3af8f227bd7fa8356/processes/atlas-dzu2kh-shard-01-00.8fthp.mongodb.net:27017/measurements (Project: 664bf2a3af8f227bd7fa8356)
16:38:28.441 INFO  - [16:38:28.441] Request #1: /groups/664bf2a3af8f227bd7fa8356/processes/atlas-dzu2kh-shard-01-01.8fthp.mongodb.net:27017/measurements (Project: 664bf2a3af8f227bd7fa8356)
16:38:28.821 INFO  - [16:38:28.821] Request #1: /groups/664bf2a3af8f227bd7fa8356/processes/atlas-dzu2kh-shard-01-02.8fthp.mongodb.net:27017/measurements (Project: 664bf2a3af8f227bd7fa8356)
16:38:29.236 INFO  - [16:38:29.236] Request #1: /groups/664bf2a3af8f227bd7fa8356/processes/atlas-dzu2kh-shard-02-00.8fthp.mongodb.net:27017/measurements (Project: 664bf2a3af8f227bd7fa8356)
16:38:29.555 INFO  - [16:38:29.554] Request #1: /groups/664bf2a3af8f227bd7fa8356/processes/atlas-dzu2kh-shard-02-01.8fthp.mongodb.net:27017/measurements (Project: 664bf2a3af8f227bd7fa8356)
16:38:29.918 INFO  - [16:38:29.918] Request #1: /groups/664bf2a3af8f227bd7fa8356/processes/atlas-dzu2kh-shard-02-02.8fthp.mongodb.net:27017/measurements (Project: 664bf2a3af8f227bd7fa8356)
16:38:30.235 INFO  - [16:38:30.235] Request #1: /groups/664bf2a3af8f227bd7fa8356/processes/atlas-dzu2kh-shard-03-00.8fthp.mongodb.net:27017/measurements (Project: 664bf2a3af8f227bd7fa8356)
16:38:30.550 INFO  - [16:38:30.550] Request #1: /groups/664bf2a3af8f227bd7fa8356/processes/atlas-dzu2kh-shard-03-01.8fthp.mongodb.net:27017/measurements (Project: 664bf2a3af8f227bd7fa8356)
16:38:30.885 INFO  - [16:38:30.885] Request #1: /groups/664bf2a3af8f227bd7fa8356/processes/atlas-dzu2kh-shard-03-02.8fthp.mongodb.net:27017/measurements (Project: 664bf2a3af8f227bd7fa8356)
16:38:31.205 INFO  - [16:38:31.205] Request #1: /groups/664bf2a3af8f227bd7fa8356/processes/atlas-dzu2kh-shard-04-00.8fthp.mongodb.net:27017/measurements (Project: 664bf2a3af8f227bd7fa8356)
16:38:31.545 INFO  - [16:38:31.545] Request #1: /groups/664bf2a3af8f227bd7fa8356/processes/atlas-dzu2kh-shard-04-01.8fthp.mongodb.net:27017/measurements (Project: 664bf2a3af8f227bd7fa8356)
16:38:31.866 INFO  - [16:38:31.866] Request #1: /groups/664bf2a3af8f227bd7fa8356/processes/atlas-dzu2kh-shard-04-02.8fthp.mongodb.net:27017/measurements (Project: 664bf2a3af8f227bd7fa8356)
16:38:32.224 INFO  - [16:38:32.224] Request #1: /groups/664bf8eb7eaba87090bf4c35/clusters (Project: 664bf8eb7eaba87090bf4c35)
16:38:32.604 INFO  - [16:38:32.604] Request #1: /groups/664bf8eb7eaba87090bf4c35/processes (Project: 664bf8eb7eaba87090bf4c35)
16:38:33.035 INFO  - [16:38:33.035] Request #1: /groups/664bf8eb7eaba87090bf4c35/processes/atlas-456fk5-shard-00-00.yx0cc.mongodb.net:27017/measurements (Project: 664bf8eb7eaba87090bf4c35)
16:38:33.349 INFO  - [16:38:33.349] Request #1: /groups/664bf8eb7eaba87090bf4c35/processes/atlas-456fk5-shard-00-01.yx0cc.mongodb.net:27017/measurements (Project: 664bf8eb7eaba87090bf4c35)
16:38:33.668 INFO  - [16:38:33.668] Request #1: /groups/664bf8eb7eaba87090bf4c35/processes/atlas-456fk5-shard-00-02.yx0cc.mongodb.net:27017/measurements (Project: 664bf8eb7eaba87090bf4c35)
16:38:34.036 INFO  - [16:38:34.036] Request #1: /groups/664bf8eb7eaba87090bf4c35/processes/atlas-456fk5-shard-01-00.yx0cc.mongodb.net:27017/measurements (Project: 664bf8eb7eaba87090bf4c35)
16:38:34.372 INFO  - [16:38:34.372] Request #1: /groups/664bf8eb7eaba87090bf4c35/processes/atlas-456fk5-shard-01-01.yx0cc.mongodb.net:27017/measurements (Project: 664bf8eb7eaba87090bf4c35)
16:38:34.690 INFO  - [16:38:34.690] Request #1: /groups/664bf8eb7eaba87090bf4c35/processes/atlas-456fk5-shard-01-02.yx0cc.mongodb.net:27017/measurements (Project: 664bf8eb7eaba87090bf4c35)
16:38:35.016 INFO  - [16:38:35.016] Request #1: /groups/664bf8eb7eaba87090bf4c35/processes/atlas-456fk5-shard-02-00.yx0cc.mongodb.net:27017/measurements (Project: 664bf8eb7eaba87090bf4c35)
16:38:35.351 INFO  - [16:38:35.351] Request #1: /groups/664bf8eb7eaba87090bf4c35/processes/atlas-456fk5-shard-02-01.yx0cc.mongodb.net:27017/measurements (Project: 664bf8eb7eaba87090bf4c35)
16:38:35.679 INFO  - [16:38:35.679] Request #1: /groups/664bf8eb7eaba87090bf4c35/processes/atlas-456fk5-shard-02-02.yx0cc.mongodb.net:27017/measurements (Project: 664bf8eb7eaba87090bf4c35)
16:38:36.031 INFO  - [16:38:36.031] Request #1: /groups/664bf8eb7eaba87090bf4c35/processes/atlas-456fk5-shard-03-00.yx0cc.mongodb.net:27017/measurements (Project: 664bf8eb7eaba87090bf4c35)
16:38:36.336 INFO  - [16:38:36.336] Request #1: /groups/664bf8eb7eaba87090bf4c35/processes/atlas-456fk5-shard-03-01.yx0cc.mongodb.net:27017/measurements (Project: 664bf8eb7eaba87090bf4c35)
16:38:36.667 INFO  - [16:38:36.667] Request #1: /groups/664bf8eb7eaba87090bf4c35/processes/atlas-456fk5-shard-03-02.yx0cc.mongodb.net:27017/measurements (Project: 664bf8eb7eaba87090bf4c35)
16:38:36.993 INFO  - [16:38:36.993] Request #1: /groups/664bf8eb7eaba87090bf4c35/processes/atlas-456fk5-shard-04-00.yx0cc.mongodb.net:27017/measurements (Project: 664bf8eb7eaba87090bf4c35)
16:38:37.333 INFO  - [16:38:37.333] Request #1: /groups/664bf8eb7eaba87090bf4c35/processes/atlas-456fk5-shard-04-01.yx0cc.mongodb.net:27017/measurements (Project: 664bf8eb7eaba87090bf4c35)
16:38:37.649 INFO  - [16:38:37.649] Request #1: /groups/664bf8eb7eaba87090bf4c35/processes/atlas-456fk5-shard-04-02.yx0cc.mongodb.net:27017/measurements (Project: 664bf8eb7eaba87090bf4c35)
16:38:37.965 INFO  - [16:38:37.965] Request #1: /groups/664bf8eb7eaba87090bf4c35/processes/atlas-456fk5-shard-05-00.yx0cc.mongodb.net:27017/measurements (Project: 664bf8eb7eaba87090bf4c35)
16:38:38.289 INFO  - [16:38:38.289] Request #1: /groups/664bf8eb7eaba87090bf4c35/processes/atlas-456fk5-shard-05-01.yx0cc.mongodb.net:27017/measurements (Project: 664bf8eb7eaba87090bf4c35)
16:38:38.607 INFO  - [16:38:38.607] Request #1: /groups/664bf8eb7eaba87090bf4c35/processes/atlas-456fk5-shard-05-02.yx0cc.mongodb.net:27017/measurements (Project: 664bf8eb7eaba87090bf4c35)
16:38:38.937 INFO  - [16:38:38.937] Request #1: /groups/664bf8eb7eaba87090bf4c35/processes/atlas-456fk5-shard-06-00.yx0cc.mongodb.net:27017/measurements (Project: 664bf8eb7eaba87090bf4c35)
16:38:39.265 INFO  - [16:38:39.265] Request #1: /groups/664bf8eb7eaba87090bf4c35/processes/atlas-456fk5-shard-06-01.yx0cc.mongodb.net:27017/measurements (Project: 664bf8eb7eaba87090bf4c35)
16:38:39.582 INFO  - [16:38:39.582] Request #1: /groups/664bf8eb7eaba87090bf4c35/processes/atlas-456fk5-shard-06-02.yx0cc.mongodb.net:27017/measurements (Project: 664bf8eb7eaba87090bf4c35)
