17:03:27.805 INFO  - [17:03:27.805] Request #1: /groups
17:03:27.811 INFO  - Full URL: https://cloud.mongodb.com/api/atlas/v2/groups
17:03:28.903 INFO  - Response time: 1091 ms for URL: https://cloud.mongodb.com/api/atlas/v2/groups
17:03:28.921 INFO  - [17:03:28.921] Request #1: /groups/6308592e5014d417aca61123/processes (Project: 6308592e5014d417aca61123)
17:03:28.922 INFO  - Full URL: https://cloud.mongodb.com/api/atlas/v2/groups/6308592e5014d417aca61123/processes
17:03:29.371 INFO  - Response time: 449 ms for URL: https://cloud.mongodb.com/api/atlas/v2/groups/6308592e5014d417aca61123/processes
17:04:31.846 INFO  - [17:04:31.846] Request #1: /groups
17:04:31.846 INFO  - Full URL: https://cloud.mongodb.com/api/atlas/v2/groups
17:04:32.701 INFO  - Response time: 855 ms for URL: https://cloud.mongodb.com/api/atlas/v2/groups
17:04:41.976 INFO  - [17:04:41.975] Request #1: /groups/6308592e5014d417aca61123/processes (Project: 6308592e5014d417aca61123)
17:04:41.978 INFO  - Full URL: https://cloud.mongodb.com/api/atlas/v2/groups/6308592e5014d417aca61123/processes
17:04:42.518 INFO  - Response time: 538 ms for URL: https://cloud.mongodb.com/api/atlas/v2/groups/6308592e5014d417aca61123/processes
17:09:22.742 INFO  - [17:09:22.742] Request #1: /groups
17:09:22.742 INFO  - Full URL: https://cloud.mongodb.com/api/atlas/v2/groups
17:09:23.700 INFO  - Response time: 958 ms for URL: https://cloud.mongodb.com/api/atlas/v2/groups
17:09:23.718 INFO  - [17:09:23.718] Request #1: /groups/6308592e5014d417aca61123/processes (Project: 6308592e5014d417aca61123)
17:09:23.718 INFO  - Full URL: https://cloud.mongodb.com/api/atlas/v2/groups/6308592e5014d417aca61123/processes
17:09:24.181 INFO  - Response time: 463 ms for URL: https://cloud.mongodb.com/api/atlas/v2/groups/6308592e5014d417aca61123/processes
17:09:24.185 INFO  - [17:09:24.185] Request #1: /groups/6308592e5014d417aca61123/clusters/atlas-122z4c-config-00-00.ew921.mongodb.net:27017/logs (Project: 6308592e5014d417aca61123)
17:09:24.185 INFO  - Full URL: https://cloud.mongodb.com/api/atlas/v1.0/groups/6308592e5014d417aca61123/clusters/atlas-122z4c-config-00-00.ew921.mongodb.net:27017/logs
17:09:24.492 ERROR - Request failed: https://cloud.mongodb.com/api/atlas/v1.0/groups/6308592e5014d417aca61123/clusters/atlas-122z4c-config-00-00.ew921.mongodb.net:27017/logs - 404 Not Found: "{"detail":"Cannot find resource /api/atlas/v1.0/groups/6308592e5014d417aca61123/clusters/atlas-122z4c-config-00-00.ew921.mongodb.net:27017/logs.","error":404,"errorCode":"RESOURCE_NOT_FOUND","parameters":["/api/atlas/v1.0/groups/6308592e5014d417aca61123/clusters/atlas-122z4c-config-00-00.ew921.mongodb.net:27017/logs"],"reason":"Not Found"}"
17:09:24.493 INFO  - [17:09:24.493] Request #1: /groups/6308592e5014d417aca61123/clusters/atlas-122z4c-config-00-01.ew921.mongodb.net:27017/logs (Project: 6308592e5014d417aca61123)
17:09:24.493 INFO  - Full URL: https://cloud.mongodb.com/api/atlas/v1.0/groups/6308592e5014d417aca61123/clusters/atlas-122z4c-config-00-01.ew921.mongodb.net:27017/logs
17:09:24.786 ERROR - Request failed: https://cloud.mongodb.com/api/atlas/v1.0/groups/6308592e5014d417aca61123/clusters/atlas-122z4c-config-00-01.ew921.mongodb.net:27017/logs - 404 Not Found: "{"detail":"Cannot find resource /api/atlas/v1.0/groups/6308592e5014d417aca61123/clusters/atlas-122z4c-config-00-01.ew921.mongodb.net:27017/logs.","error":404,"errorCode":"RESOURCE_NOT_FOUND","parameters":["/api/atlas/v1.0/groups/6308592e5014d417aca61123/clusters/atlas-122z4c-config-00-01.ew921.mongodb.net:27017/logs"],"reason":"Not Found"}"
17:09:24.788 INFO  - [17:09:24.788] Request #1: /groups/6308592e5014d417aca61123/clusters/atlas-122z4c-config-00-02.ew921.mongodb.net:27017/logs (Project: 6308592e5014d417aca61123)
17:09:24.788 INFO  - Full URL: https://cloud.mongodb.com/api/atlas/v1.0/groups/6308592e5014d417aca61123/clusters/atlas-122z4c-config-00-02.ew921.mongodb.net:27017/logs
17:09:25.083 ERROR - Request failed: https://cloud.mongodb.com/api/atlas/v1.0/groups/6308592e5014d417aca61123/clusters/atlas-122z4c-config-00-02.ew921.mongodb.net:27017/logs - 404 Not Found: "{"detail":"Cannot find resource /api/atlas/v1.0/groups/6308592e5014d417aca61123/clusters/atlas-122z4c-config-00-02.ew921.mongodb.net:27017/logs.","error":404,"errorCode":"RESOURCE_NOT_FOUND","parameters":["/api/atlas/v1.0/groups/6308592e5014d417aca61123/clusters/atlas-122z4c-config-00-02.ew921.mongodb.net:27017/logs"],"reason":"Not Found"}"
17:09:25.084 INFO  - [17:09:25.084] Request #1: /groups/6308592e5014d417aca61123/clusters/atlas-122z4c-shard-00-00.ew921.mongodb.net:27016/logs (Project: 6308592e5014d417aca61123)
17:09:25.084 INFO  - Full URL: https://cloud.mongodb.com/api/atlas/v1.0/groups/6308592e5014d417aca61123/clusters/atlas-122z4c-shard-00-00.ew921.mongodb.net:27016/logs
17:09:25.405 ERROR - Request failed: https://cloud.mongodb.com/api/atlas/v1.0/groups/6308592e5014d417aca61123/clusters/atlas-122z4c-shard-00-00.ew921.mongodb.net:27016/logs - 404 Not Found: "{"detail":"Cannot find resource /api/atlas/v1.0/groups/6308592e5014d417aca61123/clusters/atlas-122z4c-shard-00-00.ew921.mongodb.net:27016/logs.","error":404,"errorCode":"RESOURCE_NOT_FOUND","parameters":["/api/atlas/v1.0/groups/6308592e5014d417aca61123/clusters/atlas-122z4c-shard-00-00.ew921.mongodb.net:27016/logs"],"reason":"Not Found"}"
17:09:25.406 INFO  - [17:09:25.406] Request #1: /groups/6308592e5014d417aca61123/clusters/atlas-122z4c-shard-00-00.ew921.mongodb.net:27017/logs (Project: 6308592e5014d417aca61123)
17:09:25.406 INFO  - Full URL: https://cloud.mongodb.com/api/atlas/v1.0/groups/6308592e5014d417aca61123/clusters/atlas-122z4c-shard-00-00.ew921.mongodb.net:27017/logs
17:09:25.807 ERROR - Request failed: https://cloud.mongodb.com/api/atlas/v1.0/groups/6308592e5014d417aca61123/clusters/atlas-122z4c-shard-00-00.ew921.mongodb.net:27017/logs - 404 Not Found: "{"detail":"Cannot find resource /api/atlas/v1.0/groups/6308592e5014d417aca61123/clusters/atlas-122z4c-shard-00-00.ew921.mongodb.net:27017/logs.","error":404,"errorCode":"RESOURCE_NOT_FOUND","parameters":["/api/atlas/v1.0/groups/6308592e5014d417aca61123/clusters/atlas-122z4c-shard-00-00.ew921.mongodb.net:27017/logs"],"reason":"Not Found"}"
17:09:25.808 INFO  - [17:09:25.808] Request #1: /groups/6308592e5014d417aca61123/clusters/atlas-122z4c-shard-00-01.ew921.mongodb.net:27016/logs (Project: 6308592e5014d417aca61123)
17:09:25.808 INFO  - Full URL: https://cloud.mongodb.com/api/atlas/v1.0/groups/6308592e5014d417aca61123/clusters/atlas-122z4c-shard-00-01.ew921.mongodb.net:27016/logs
17:09:26.116 ERROR - Request failed: https://cloud.mongodb.com/api/atlas/v1.0/groups/6308592e5014d417aca61123/clusters/atlas-122z4c-shard-00-01.ew921.mongodb.net:27016/logs - 404 Not Found: "{"detail":"Cannot find resource /api/atlas/v1.0/groups/6308592e5014d417aca61123/clusters/atlas-122z4c-shard-00-01.ew921.mongodb.net:27016/logs.","error":404,"errorCode":"RESOURCE_NOT_FOUND","parameters":["/api/atlas/v1.0/groups/6308592e5014d417aca61123/clusters/atlas-122z4c-shard-00-01.ew921.mongodb.net:27016/logs"],"reason":"Not Found"}"
17:09:26.117 INFO  - [17:09:26.117] Request #1: /groups/6308592e5014d417aca61123/clusters/atlas-122z4c-shard-00-01.ew921.mongodb.net:27017/logs (Project: 6308592e5014d417aca61123)
17:09:26.117 INFO  - Full URL: https://cloud.mongodb.com/api/atlas/v1.0/groups/6308592e5014d417aca61123/clusters/atlas-122z4c-shard-00-01.ew921.mongodb.net:27017/logs
17:09:26.420 ERROR - Request failed: https://cloud.mongodb.com/api/atlas/v1.0/groups/6308592e5014d417aca61123/clusters/atlas-122z4c-shard-00-01.ew921.mongodb.net:27017/logs - 404 Not Found: "{"detail":"Cannot find resource /api/atlas/v1.0/groups/6308592e5014d417aca61123/clusters/atlas-122z4c-shard-00-01.ew921.mongodb.net:27017/logs.","error":404,"errorCode":"RESOURCE_NOT_FOUND","parameters":["/api/atlas/v1.0/groups/6308592e5014d417aca61123/clusters/atlas-122z4c-shard-00-01.ew921.mongodb.net:27017/logs"],"reason":"Not Found"}"
17:09:26.422 INFO  - [17:09:26.421] Request #1: /groups/6308592e5014d417aca61123/clusters/atlas-122z4c-shard-00-02.ew921.mongodb.net:27016/logs (Project: 6308592e5014d417aca61123)
17:09:26.422 INFO  - Full URL: https://cloud.mongodb.com/api/atlas/v1.0/groups/6308592e5014d417aca61123/clusters/atlas-122z4c-shard-00-02.ew921.mongodb.net:27016/logs
17:09:26.719 ERROR - Request failed: https://cloud.mongodb.com/api/atlas/v1.0/groups/6308592e5014d417aca61123/clusters/atlas-122z4c-shard-00-02.ew921.mongodb.net:27016/logs - 404 Not Found: "{"detail":"Cannot find resource /api/atlas/v1.0/groups/6308592e5014d417aca61123/clusters/atlas-122z4c-shard-00-02.ew921.mongodb.net:27016/logs.","error":404,"errorCode":"RESOURCE_NOT_FOUND","parameters":["/api/atlas/v1.0/groups/6308592e5014d417aca61123/clusters/atlas-122z4c-shard-00-02.ew921.mongodb.net:27016/logs"],"reason":"Not Found"}"
17:09:26.720 INFO  - [17:09:26.720] Request #1: /groups/6308592e5014d417aca61123/clusters/atlas-122z4c-shard-00-02.ew921.mongodb.net:27017/logs (Project: 6308592e5014d417aca61123)
17:09:26.721 INFO  - Full URL: https://cloud.mongodb.com/api/atlas/v1.0/groups/6308592e5014d417aca61123/clusters/atlas-122z4c-shard-00-02.ew921.mongodb.net:27017/logs
17:09:27.036 ERROR - Request failed: https://cloud.mongodb.com/api/atlas/v1.0/groups/6308592e5014d417aca61123/clusters/atlas-122z4c-shard-00-02.ew921.mongodb.net:27017/logs - 404 Not Found: "{"detail":"Cannot find resource /api/atlas/v1.0/groups/6308592e5014d417aca61123/clusters/atlas-122z4c-shard-00-02.ew921.mongodb.net:27017/logs.","error":404,"errorCode":"RESOURCE_NOT_FOUND","parameters":["/api/atlas/v1.0/groups/6308592e5014d417aca61123/clusters/atlas-122z4c-shard-00-02.ew921.mongodb.net:27017/logs"],"reason":"Not Found"}"
17:09:27.036 INFO  - [17:09:27.036] Request #1: /groups/6308592e5014d417aca61123/clusters/atlas-122z4c-shard-01-00.ew921.mongodb.net:27016/logs (Project: 6308592e5014d417aca61123)
17:09:27.036 INFO  - Full URL: https://cloud.mongodb.com/api/atlas/v1.0/groups/6308592e5014d417aca61123/clusters/atlas-122z4c-shard-01-00.ew921.mongodb.net:27016/logs
17:09:27.392 ERROR - Request failed: https://cloud.mongodb.com/api/atlas/v1.0/groups/6308592e5014d417aca61123/clusters/atlas-122z4c-shard-01-00.ew921.mongodb.net:27016/logs - 404 Not Found: "{"detail":"Cannot find resource /api/atlas/v1.0/groups/6308592e5014d417aca61123/clusters/atlas-122z4c-shard-01-00.ew921.mongodb.net:27016/logs.","error":404,"errorCode":"RESOURCE_NOT_FOUND","parameters":["/api/atlas/v1.0/groups/6308592e5014d417aca61123/clusters/atlas-122z4c-shard-01-00.ew921.mongodb.net:27016/logs"],"reason":"Not Found"}"
17:09:27.393 INFO  - [17:09:27.393] Request #1: /groups/6308592e5014d417aca61123/clusters/atlas-122z4c-shard-01-00.ew921.mongodb.net:27017/logs (Project: 6308592e5014d417aca61123)
17:09:27.393 INFO  - Full URL: https://cloud.mongodb.com/api/atlas/v1.0/groups/6308592e5014d417aca61123/clusters/atlas-122z4c-shard-01-00.ew921.mongodb.net:27017/logs
17:09:27.691 ERROR - Request failed: https://cloud.mongodb.com/api/atlas/v1.0/groups/6308592e5014d417aca61123/clusters/atlas-122z4c-shard-01-00.ew921.mongodb.net:27017/logs - 404 Not Found: "{"detail":"Cannot find resource /api/atlas/v1.0/groups/6308592e5014d417aca61123/clusters/atlas-122z4c-shard-01-00.ew921.mongodb.net:27017/logs.","error":404,"errorCode":"RESOURCE_NOT_FOUND","parameters":["/api/atlas/v1.0/groups/6308592e5014d417aca61123/clusters/atlas-122z4c-shard-01-00.ew921.mongodb.net:27017/logs"],"reason":"Not Found"}"
17:09:27.692 INFO  - [17:09:27.692] Request #1: /groups/6308592e5014d417aca61123/clusters/atlas-122z4c-shard-01-01.ew921.mongodb.net:27016/logs (Project: 6308592e5014d417aca61123)
17:09:27.692 INFO  - Full URL: https://cloud.mongodb.com/api/atlas/v1.0/groups/6308592e5014d417aca61123/clusters/atlas-122z4c-shard-01-01.ew921.mongodb.net:27016/logs
17:09:27.982 ERROR - Request failed: https://cloud.mongodb.com/api/atlas/v1.0/groups/6308592e5014d417aca61123/clusters/atlas-122z4c-shard-01-01.ew921.mongodb.net:27016/logs - 404 Not Found: "{"detail":"Cannot find resource /api/atlas/v1.0/groups/6308592e5014d417aca61123/clusters/atlas-122z4c-shard-01-01.ew921.mongodb.net:27016/logs.","error":404,"errorCode":"RESOURCE_NOT_FOUND","parameters":["/api/atlas/v1.0/groups/6308592e5014d417aca61123/clusters/atlas-122z4c-shard-01-01.ew921.mongodb.net:27016/logs"],"reason":"Not Found"}"
17:09:27.982 INFO  - [17:09:27.982] Request #1: /groups/6308592e5014d417aca61123/clusters/atlas-122z4c-shard-01-01.ew921.mongodb.net:27017/logs (Project: 6308592e5014d417aca61123)
17:09:27.983 INFO  - Full URL: https://cloud.mongodb.com/api/atlas/v1.0/groups/6308592e5014d417aca61123/clusters/atlas-122z4c-shard-01-01.ew921.mongodb.net:27017/logs
17:09:28.297 ERROR - Request failed: https://cloud.mongodb.com/api/atlas/v1.0/groups/6308592e5014d417aca61123/clusters/atlas-122z4c-shard-01-01.ew921.mongodb.net:27017/logs - 404 Not Found: "{"detail":"Cannot find resource /api/atlas/v1.0/groups/6308592e5014d417aca61123/clusters/atlas-122z4c-shard-01-01.ew921.mongodb.net:27017/logs.","error":404,"errorCode":"RESOURCE_NOT_FOUND","parameters":["/api/atlas/v1.0/groups/6308592e5014d417aca61123/clusters/atlas-122z4c-shard-01-01.ew921.mongodb.net:27017/logs"],"reason":"Not Found"}"
17:09:28.298 INFO  - [17:09:28.298] Request #1: /groups/6308592e5014d417aca61123/clusters/atlas-122z4c-shard-01-02.ew921.mongodb.net:27016/logs (Project: 6308592e5014d417aca61123)
17:09:28.299 INFO  - Full URL: https://cloud.mongodb.com/api/atlas/v1.0/groups/6308592e5014d417aca61123/clusters/atlas-122z4c-shard-01-02.ew921.mongodb.net:27016/logs
17:09:28.602 ERROR - Request failed: https://cloud.mongodb.com/api/atlas/v1.0/groups/6308592e5014d417aca61123/clusters/atlas-122z4c-shard-01-02.ew921.mongodb.net:27016/logs - 404 Not Found: "{"detail":"Cannot find resource /api/atlas/v1.0/groups/6308592e5014d417aca61123/clusters/atlas-122z4c-shard-01-02.ew921.mongodb.net:27016/logs.","error":404,"errorCode":"RESOURCE_NOT_FOUND","parameters":["/api/atlas/v1.0/groups/6308592e5014d417aca61123/clusters/atlas-122z4c-shard-01-02.ew921.mongodb.net:27016/logs"],"reason":"Not Found"}"
17:09:28.603 INFO  - [17:09:28.603] Request #1: /groups/6308592e5014d417aca61123/clusters/atlas-122z4c-shard-01-02.ew921.mongodb.net:27017/logs (Project: 6308592e5014d417aca61123)
17:09:28.603 INFO  - Full URL: https://cloud.mongodb.com/api/atlas/v1.0/groups/6308592e5014d417aca61123/clusters/atlas-122z4c-shard-01-02.ew921.mongodb.net:27017/logs
17:09:28.903 ERROR - Request failed: https://cloud.mongodb.com/api/atlas/v1.0/groups/6308592e5014d417aca61123/clusters/atlas-122z4c-shard-01-02.ew921.mongodb.net:27017/logs - 404 Not Found: "{"detail":"Cannot find resource /api/atlas/v1.0/groups/6308592e5014d417aca61123/clusters/atlas-122z4c-shard-01-02.ew921.mongodb.net:27017/logs.","error":404,"errorCode":"RESOURCE_NOT_FOUND","parameters":["/api/atlas/v1.0/groups/6308592e5014d417aca61123/clusters/atlas-122z4c-shard-01-02.ew921.mongodb.net:27017/logs"],"reason":"Not Found"}"
17:09:28.904 INFO  - [17:09:28.904] Request #1: /groups/6308592e5014d417aca61123/clusters/atlas-122z4c-shard-02-00.ew921.mongodb.net:27016/logs (Project: 6308592e5014d417aca61123)
17:09:28.905 INFO  - Full URL: https://cloud.mongodb.com/api/atlas/v1.0/groups/6308592e5014d417aca61123/clusters/atlas-122z4c-shard-02-00.ew921.mongodb.net:27016/logs
17:09:29.219 ERROR - Request failed: https://cloud.mongodb.com/api/atlas/v1.0/groups/6308592e5014d417aca61123/clusters/atlas-122z4c-shard-02-00.ew921.mongodb.net:27016/logs - 404 Not Found: "{"detail":"Cannot find resource /api/atlas/v1.0/groups/6308592e5014d417aca61123/clusters/atlas-122z4c-shard-02-00.ew921.mongodb.net:27016/logs.","error":404,"errorCode":"RESOURCE_NOT_FOUND","parameters":["/api/atlas/v1.0/groups/6308592e5014d417aca61123/clusters/atlas-122z4c-shard-02-00.ew921.mongodb.net:27016/logs"],"reason":"Not Found"}"
17:09:29.219 INFO  - [17:09:29.219] Request #1: /groups/6308592e5014d417aca61123/clusters/atlas-122z4c-shard-02-00.ew921.mongodb.net:27017/logs (Project: 6308592e5014d417aca61123)
17:09:29.219 INFO  - Full URL: https://cloud.mongodb.com/api/atlas/v1.0/groups/6308592e5014d417aca61123/clusters/atlas-122z4c-shard-02-00.ew921.mongodb.net:27017/logs
17:15:39.377 INFO  - [17:15:39.377] Request #1: /groups
17:15:39.377 INFO  - Full URL: https://cloud.mongodb.com/api/atlas/v2/groups
17:15:40.302 INFO  - Response time: 925 ms for URL: https://cloud.mongodb.com/api/atlas/v2/groups
17:15:40.314 INFO  - [17:15:40.314] Request #1: /groups/6308592e5014d417aca61123/processes (Project: 6308592e5014d417aca61123)
17:15:40.314 INFO  - Full URL: https://cloud.mongodb.com/api/atlas/v2/groups/6308592e5014d417aca61123/processes
17:15:40.742 INFO  - Response time: 428 ms for URL: https://cloud.mongodb.com/api/atlas/v2/groups/6308592e5014d417aca61123/processes
17:15:40.749 INFO  - [17:15:40.749] Request #1: /groups/6308592e5014d417aca61123/clusters/atlas-122z4c-config-00-00.ew921.mongodb.net:27017/logs/mongodb.gz (Project: 6308592e5014d417aca61123)
17:15:40.749 INFO  - Full URL: https://cloud.mongodb.com/api/atlas/v1.0/groups/6308592e5014d417aca61123/clusters/atlas-122z4c-config-00-00.ew921.mongodb.net:27017/logs/mongodb.gz?startDate=1748650539&endDate=1749255339
17:15:41.048 ERROR - Binary request failed: https://cloud.mongodb.com/api/atlas/v1.0/groups/6308592e5014d417aca61123/clusters/atlas-122z4c-config-00-00.ew921.mongodb.net:27017/logs/mongodb.gz?startDate=1748650539&endDate=1749255339 - 406 Not Acceptable: "{<EOL>  "error" : 406,<EOL>  "reason" : "Not Acceptable"<EOL>}"
17:15:41.048 INFO  - [17:15:41.048] Request #1: /groups/6308592e5014d417aca61123/clusters/atlas-122z4c-config-00-00.ew921.mongodb.net:27017/logs/mongos.gz (Project: 6308592e5014d417aca61123)
17:15:41.049 INFO  - Full URL: https://cloud.mongodb.com/api/atlas/v1.0/groups/6308592e5014d417aca61123/clusters/atlas-122z4c-config-00-00.ew921.mongodb.net:27017/logs/mongos.gz?startDate=1748650539&endDate=1749255339
17:15:41.340 ERROR - Binary request failed: https://cloud.mongodb.com/api/atlas/v1.0/groups/6308592e5014d417aca61123/clusters/atlas-122z4c-config-00-00.ew921.mongodb.net:27017/logs/mongos.gz?startDate=1748650539&endDate=1749255339 - 406 Not Acceptable: "{<EOL>  "error" : 406,<EOL>  "reason" : "Not Acceptable"<EOL>}"
17:15:41.342 INFO  - [17:15:41.342] Request #1: /groups/6308592e5014d417aca61123/clusters/atlas-122z4c-config-00-01.ew921.mongodb.net:27017/logs/mongodb.gz (Project: 6308592e5014d417aca61123)
17:15:41.342 INFO  - Full URL: https://cloud.mongodb.com/api/atlas/v1.0/groups/6308592e5014d417aca61123/clusters/atlas-122z4c-config-00-01.ew921.mongodb.net:27017/logs/mongodb.gz?startDate=1748650539&endDate=1749255339
17:15:41.664 ERROR - Binary request failed: https://cloud.mongodb.com/api/atlas/v1.0/groups/6308592e5014d417aca61123/clusters/atlas-122z4c-config-00-01.ew921.mongodb.net:27017/logs/mongodb.gz?startDate=1748650539&endDate=1749255339 - 406 Not Acceptable: "{<EOL>  "error" : 406,<EOL>  "reason" : "Not Acceptable"<EOL>}"
17:15:41.665 INFO  - [17:15:41.665] Request #1: /groups/6308592e5014d417aca61123/clusters/atlas-122z4c-config-00-01.ew921.mongodb.net:27017/logs/mongos.gz (Project: 6308592e5014d417aca61123)
17:15:41.665 INFO  - Full URL: https://cloud.mongodb.com/api/atlas/v1.0/groups/6308592e5014d417aca61123/clusters/atlas-122z4c-config-00-01.ew921.mongodb.net:27017/logs/mongos.gz?startDate=1748650539&endDate=1749255339
17:15:41.964 ERROR - Binary request failed: https://cloud.mongodb.com/api/atlas/v1.0/groups/6308592e5014d417aca61123/clusters/atlas-122z4c-config-00-01.ew921.mongodb.net:27017/logs/mongos.gz?startDate=1748650539&endDate=1749255339 - 406 Not Acceptable: "{<EOL>  "error" : 406,<EOL>  "reason" : "Not Acceptable"<EOL>}"
17:15:41.965 INFO  - [17:15:41.965] Request #1: /groups/6308592e5014d417aca61123/clusters/atlas-122z4c-config-00-02.ew921.mongodb.net:27017/logs/mongodb.gz (Project: 6308592e5014d417aca61123)
17:15:41.965 INFO  - Full URL: https://cloud.mongodb.com/api/atlas/v1.0/groups/6308592e5014d417aca61123/clusters/atlas-122z4c-config-00-02.ew921.mongodb.net:27017/logs/mongodb.gz?startDate=1748650539&endDate=1749255339
17:15:42.263 ERROR - Binary request failed: https://cloud.mongodb.com/api/atlas/v1.0/groups/6308592e5014d417aca61123/clusters/atlas-122z4c-config-00-02.ew921.mongodb.net:27017/logs/mongodb.gz?startDate=1748650539&endDate=1749255339 - 406 Not Acceptable: "{<EOL>  "error" : 406,<EOL>  "reason" : "Not Acceptable"<EOL>}"
17:15:42.264 INFO  - [17:15:42.264] Request #1: /groups/6308592e5014d417aca61123/clusters/atlas-122z4c-config-00-02.ew921.mongodb.net:27017/logs/mongos.gz (Project: 6308592e5014d417aca61123)
17:15:42.265 INFO  - Full URL: https://cloud.mongodb.com/api/atlas/v1.0/groups/6308592e5014d417aca61123/clusters/atlas-122z4c-config-00-02.ew921.mongodb.net:27017/logs/mongos.gz?startDate=1748650539&endDate=1749255339
17:15:42.574 ERROR - Binary request failed: https://cloud.mongodb.com/api/atlas/v1.0/groups/6308592e5014d417aca61123/clusters/atlas-122z4c-config-00-02.ew921.mongodb.net:27017/logs/mongos.gz?startDate=1748650539&endDate=1749255339 - 406 Not Acceptable: "{<EOL>  "error" : 406,<EOL>  "reason" : "Not Acceptable"<EOL>}"
17:15:42.576 INFO  - [17:15:42.576] Request #1: /groups/6308592e5014d417aca61123/clusters/atlas-122z4c-shard-00-00.ew921.mongodb.net:27016/logs/mongodb.gz (Project: 6308592e5014d417aca61123)
17:15:42.576 INFO  - Full URL: https://cloud.mongodb.com/api/atlas/v1.0/groups/6308592e5014d417aca61123/clusters/atlas-122z4c-shard-00-00.ew921.mongodb.net:27016/logs/mongodb.gz?startDate=1748650539&endDate=1749255339
17:15:42.870 ERROR - Binary request failed: https://cloud.mongodb.com/api/atlas/v1.0/groups/6308592e5014d417aca61123/clusters/atlas-122z4c-shard-00-00.ew921.mongodb.net:27016/logs/mongodb.gz?startDate=1748650539&endDate=1749255339 - 406 Not Acceptable: "{<EOL>  "error" : 406,<EOL>  "reason" : "Not Acceptable"<EOL>}"
17:15:42.871 INFO  - [17:15:42.871] Request #1: /groups/6308592e5014d417aca61123/clusters/atlas-122z4c-shard-00-00.ew921.mongodb.net:27016/logs/mongos.gz (Project: 6308592e5014d417aca61123)
17:15:42.871 INFO  - Full URL: https://cloud.mongodb.com/api/atlas/v1.0/groups/6308592e5014d417aca61123/clusters/atlas-122z4c-shard-00-00.ew921.mongodb.net:27016/logs/mongos.gz?startDate=1748650539&endDate=1749255339
17:15:43.198 ERROR - Binary request failed: https://cloud.mongodb.com/api/atlas/v1.0/groups/6308592e5014d417aca61123/clusters/atlas-122z4c-shard-00-00.ew921.mongodb.net:27016/logs/mongos.gz?startDate=1748650539&endDate=1749255339 - 406 Not Acceptable: "{<EOL>  "error" : 406,<EOL>  "reason" : "Not Acceptable"<EOL>}"
17:15:43.199 INFO  - [17:15:43.199] Request #1: /groups/6308592e5014d417aca61123/clusters/atlas-122z4c-shard-00-00.ew921.mongodb.net:27017/logs/mongodb.gz (Project: 6308592e5014d417aca61123)
17:15:43.199 INFO  - Full URL: https://cloud.mongodb.com/api/atlas/v1.0/groups/6308592e5014d417aca61123/clusters/atlas-122z4c-shard-00-00.ew921.mongodb.net:27017/logs/mongodb.gz?startDate=1748650539&endDate=1749255339
17:15:43.503 ERROR - Binary request failed: https://cloud.mongodb.com/api/atlas/v1.0/groups/6308592e5014d417aca61123/clusters/atlas-122z4c-shard-00-00.ew921.mongodb.net:27017/logs/mongodb.gz?startDate=1748650539&endDate=1749255339 - 406 Not Acceptable: "{<EOL>  "error" : 406,<EOL>  "reason" : "Not Acceptable"<EOL>}"
17:15:43.505 INFO  - [17:15:43.505] Request #1: /groups/6308592e5014d417aca61123/clusters/atlas-122z4c-shard-00-00.ew921.mongodb.net:27017/logs/mongos.gz (Project: 6308592e5014d417aca61123)
17:15:43.505 INFO  - Full URL: https://cloud.mongodb.com/api/atlas/v1.0/groups/6308592e5014d417aca61123/clusters/atlas-122z4c-shard-00-00.ew921.mongodb.net:27017/logs/mongos.gz?startDate=1748650539&endDate=1749255339
17:15:43.804 ERROR - Binary request failed: https://cloud.mongodb.com/api/atlas/v1.0/groups/6308592e5014d417aca61123/clusters/atlas-122z4c-shard-00-00.ew921.mongodb.net:27017/logs/mongos.gz?startDate=1748650539&endDate=1749255339 - 406 Not Acceptable: "{<EOL>  "error" : 406,<EOL>  "reason" : "Not Acceptable"<EOL>}"
17:15:43.805 INFO  - [17:15:43.805] Request #1: /groups/6308592e5014d417aca61123/clusters/atlas-122z4c-shard-00-01.ew921.mongodb.net:27016/logs/mongodb.gz (Project: 6308592e5014d417aca61123)
17:15:43.805 INFO  - Full URL: https://cloud.mongodb.com/api/atlas/v1.0/groups/6308592e5014d417aca61123/clusters/atlas-122z4c-shard-00-01.ew921.mongodb.net:27016/logs/mongodb.gz?startDate=1748650539&endDate=1749255339
17:15:44.105 ERROR - Binary request failed: https://cloud.mongodb.com/api/atlas/v1.0/groups/6308592e5014d417aca61123/clusters/atlas-122z4c-shard-00-01.ew921.mongodb.net:27016/logs/mongodb.gz?startDate=1748650539&endDate=1749255339 - 406 Not Acceptable: "{<EOL>  "error" : 406,<EOL>  "reason" : "Not Acceptable"<EOL>}"
17:15:44.107 INFO  - [17:15:44.107] Request #1: /groups/6308592e5014d417aca61123/clusters/atlas-122z4c-shard-00-01.ew921.mongodb.net:27016/logs/mongos.gz (Project: 6308592e5014d417aca61123)
17:15:44.107 INFO  - Full URL: https://cloud.mongodb.com/api/atlas/v1.0/groups/6308592e5014d417aca61123/clusters/atlas-122z4c-shard-00-01.ew921.mongodb.net:27016/logs/mongos.gz?startDate=1748650539&endDate=1749255339
17:15:44.403 ERROR - Binary request failed: https://cloud.mongodb.com/api/atlas/v1.0/groups/6308592e5014d417aca61123/clusters/atlas-122z4c-shard-00-01.ew921.mongodb.net:27016/logs/mongos.gz?startDate=1748650539&endDate=1749255339 - 406 Not Acceptable: "{<EOL>  "error" : 406,<EOL>  "reason" : "Not Acceptable"<EOL>}"
17:15:44.403 INFO  - [17:15:44.403] Request #1: /groups/6308592e5014d417aca61123/clusters/atlas-122z4c-shard-00-01.ew921.mongodb.net:27017/logs/mongodb.gz (Project: 6308592e5014d417aca61123)
17:15:44.403 INFO  - Full URL: https://cloud.mongodb.com/api/atlas/v1.0/groups/6308592e5014d417aca61123/clusters/atlas-122z4c-shard-00-01.ew921.mongodb.net:27017/logs/mongodb.gz?startDate=1748650539&endDate=1749255339
17:15:44.699 ERROR - Binary request failed: https://cloud.mongodb.com/api/atlas/v1.0/groups/6308592e5014d417aca61123/clusters/atlas-122z4c-shard-00-01.ew921.mongodb.net:27017/logs/mongodb.gz?startDate=1748650539&endDate=1749255339 - 406 Not Acceptable: "{<EOL>  "error" : 406,<EOL>  "reason" : "Not Acceptable"<EOL>}"
17:15:44.700 INFO  - [17:15:44.700] Request #1: /groups/6308592e5014d417aca61123/clusters/atlas-122z4c-shard-00-01.ew921.mongodb.net:27017/logs/mongos.gz (Project: 6308592e5014d417aca61123)
17:15:44.700 INFO  - Full URL: https://cloud.mongodb.com/api/atlas/v1.0/groups/6308592e5014d417aca61123/clusters/atlas-122z4c-shard-00-01.ew921.mongodb.net:27017/logs/mongos.gz?startDate=1748650539&endDate=1749255339
17:15:45.026 ERROR - Binary request failed: https://cloud.mongodb.com/api/atlas/v1.0/groups/6308592e5014d417aca61123/clusters/atlas-122z4c-shard-00-01.ew921.mongodb.net:27017/logs/mongos.gz?startDate=1748650539&endDate=1749255339 - 406 Not Acceptable: "{<EOL>  "error" : 406,<EOL>  "reason" : "Not Acceptable"<EOL>}"
17:15:45.026 INFO  - [17:15:45.026] Request #1: /groups/6308592e5014d417aca61123/clusters/atlas-122z4c-shard-00-02.ew921.mongodb.net:27016/logs/mongodb.gz (Project: 6308592e5014d417aca61123)
17:15:45.026 INFO  - Full URL: https://cloud.mongodb.com/api/atlas/v1.0/groups/6308592e5014d417aca61123/clusters/atlas-122z4c-shard-00-02.ew921.mongodb.net:27016/logs/mongodb.gz?startDate=1748650539&endDate=1749255339
17:17:48.919 INFO  - [17:17:48.919] Request #1: /groups
17:17:48.919 INFO  - Full URL: https://cloud.mongodb.com/api/atlas/v2/groups
17:17:49.878 INFO  - Response time: 959 ms for URL: https://cloud.mongodb.com/api/atlas/v2/groups
17:17:49.897 INFO  - [17:17:49.897] Request #1: /groups/6308592e5014d417aca61123/processes (Project: 6308592e5014d417aca61123)
17:17:49.897 INFO  - Full URL: https://cloud.mongodb.com/api/atlas/v2/groups/6308592e5014d417aca61123/processes
17:17:50.340 INFO  - Response time: 443 ms for URL: https://cloud.mongodb.com/api/atlas/v2/groups/6308592e5014d417aca61123/processes
17:17:50.347 INFO  - [17:17:50.347] Request #1: /groups/6308592e5014d417aca61123/clusters/atlas-122z4c-config-00-00.ew921.mongodb.net/logs/mongodb.gz (Project: 6308592e5014d417aca61123)
17:17:50.347 INFO  - Full URL: https://cloud.mongodb.com/api/atlas/v1.0/groups/6308592e5014d417aca61123/clusters/atlas-122z4c-config-00-00.ew921.mongodb.net/logs/mongodb.gz?startDate=1748650668&endDate=1749255468
17:17:50.668 ERROR - Binary request failed: https://cloud.mongodb.com/api/atlas/v1.0/groups/6308592e5014d417aca61123/clusters/atlas-122z4c-config-00-00.ew921.mongodb.net/logs/mongodb.gz?startDate=1748650668&endDate=1749255468 - 406 Not Acceptable: "{<EOL>  "error" : 406,<EOL>  "reason" : "Not Acceptable"<EOL>}"
17:17:50.668 INFO  - [17:17:50.668] Request #1: /groups/6308592e5014d417aca61123/clusters/atlas-122z4c-config-00-00.ew921.mongodb.net/logs/mongos.gz (Project: 6308592e5014d417aca61123)
17:17:50.669 INFO  - Full URL: https://cloud.mongodb.com/api/atlas/v1.0/groups/6308592e5014d417aca61123/clusters/atlas-122z4c-config-00-00.ew921.mongodb.net/logs/mongos.gz?startDate=1748650668&endDate=1749255468
17:17:50.960 ERROR - Binary request failed: https://cloud.mongodb.com/api/atlas/v1.0/groups/6308592e5014d417aca61123/clusters/atlas-122z4c-config-00-00.ew921.mongodb.net/logs/mongos.gz?startDate=1748650668&endDate=1749255468 - 406 Not Acceptable: "{<EOL>  "error" : 406,<EOL>  "reason" : "Not Acceptable"<EOL>}"
17:17:50.962 INFO  - [17:17:50.962] Request #1: /groups/6308592e5014d417aca61123/clusters/atlas-122z4c-config-00-01.ew921.mongodb.net/logs/mongodb.gz (Project: 6308592e5014d417aca61123)
17:17:50.962 INFO  - Full URL: https://cloud.mongodb.com/api/atlas/v1.0/groups/6308592e5014d417aca61123/clusters/atlas-122z4c-config-00-01.ew921.mongodb.net/logs/mongodb.gz?startDate=1748650668&endDate=1749255468
17:17:51.262 ERROR - Binary request failed: https://cloud.mongodb.com/api/atlas/v1.0/groups/6308592e5014d417aca61123/clusters/atlas-122z4c-config-00-01.ew921.mongodb.net/logs/mongodb.gz?startDate=1748650668&endDate=1749255468 - 406 Not Acceptable: "{<EOL>  "error" : 406,<EOL>  "reason" : "Not Acceptable"<EOL>}"
17:17:51.263 INFO  - [17:17:51.263] Request #1: /groups/6308592e5014d417aca61123/clusters/atlas-122z4c-config-00-01.ew921.mongodb.net/logs/mongos.gz (Project: 6308592e5014d417aca61123)
17:17:51.263 INFO  - Full URL: https://cloud.mongodb.com/api/atlas/v1.0/groups/6308592e5014d417aca61123/clusters/atlas-122z4c-config-00-01.ew921.mongodb.net/logs/mongos.gz?startDate=1748650668&endDate=1749255468
17:17:51.554 ERROR - Binary request failed: https://cloud.mongodb.com/api/atlas/v1.0/groups/6308592e5014d417aca61123/clusters/atlas-122z4c-config-00-01.ew921.mongodb.net/logs/mongos.gz?startDate=1748650668&endDate=1749255468 - 406 Not Acceptable: "{<EOL>  "error" : 406,<EOL>  "reason" : "Not Acceptable"<EOL>}"
17:17:51.555 INFO  - [17:17:51.555] Request #1: /groups/6308592e5014d417aca61123/clusters/atlas-122z4c-config-00-02.ew921.mongodb.net/logs/mongodb.gz (Project: 6308592e5014d417aca61123)
17:17:51.555 INFO  - Full URL: https://cloud.mongodb.com/api/atlas/v1.0/groups/6308592e5014d417aca61123/clusters/atlas-122z4c-config-00-02.ew921.mongodb.net/logs/mongodb.gz?startDate=1748650668&endDate=1749255468
17:17:51.854 ERROR - Binary request failed: https://cloud.mongodb.com/api/atlas/v1.0/groups/6308592e5014d417aca61123/clusters/atlas-122z4c-config-00-02.ew921.mongodb.net/logs/mongodb.gz?startDate=1748650668&endDate=1749255468 - 406 Not Acceptable: "{<EOL>  "error" : 406,<EOL>  "reason" : "Not Acceptable"<EOL>}"
17:17:51.855 INFO  - [17:17:51.855] Request #1: /groups/6308592e5014d417aca61123/clusters/atlas-122z4c-config-00-02.ew921.mongodb.net/logs/mongos.gz (Project: 6308592e5014d417aca61123)
17:17:51.859 INFO  - Full URL: https://cloud.mongodb.com/api/atlas/v1.0/groups/6308592e5014d417aca61123/clusters/atlas-122z4c-config-00-02.ew921.mongodb.net/logs/mongos.gz?startDate=1748650668&endDate=1749255468
17:17:52.177 ERROR - Binary request failed: https://cloud.mongodb.com/api/atlas/v1.0/groups/6308592e5014d417aca61123/clusters/atlas-122z4c-config-00-02.ew921.mongodb.net/logs/mongos.gz?startDate=1748650668&endDate=1749255468 - 406 Not Acceptable: "{<EOL>  "error" : 406,<EOL>  "reason" : "Not Acceptable"<EOL>}"
17:17:52.178 INFO  - [17:17:52.178] Request #1: /groups/6308592e5014d417aca61123/clusters/atlas-122z4c-shard-00-00.ew921.mongodb.net/logs/mongodb.gz (Project: 6308592e5014d417aca61123)
17:17:52.178 INFO  - Full URL: https://cloud.mongodb.com/api/atlas/v1.0/groups/6308592e5014d417aca61123/clusters/atlas-122z4c-shard-00-00.ew921.mongodb.net/logs/mongodb.gz?startDate=1748650668&endDate=1749255468
17:17:52.485 ERROR - Binary request failed: https://cloud.mongodb.com/api/atlas/v1.0/groups/6308592e5014d417aca61123/clusters/atlas-122z4c-shard-00-00.ew921.mongodb.net/logs/mongodb.gz?startDate=1748650668&endDate=1749255468 - 406 Not Acceptable: "{<EOL>  "error" : 406,<EOL>  "reason" : "Not Acceptable"<EOL>}"
17:17:52.486 INFO  - [17:17:52.486] Request #1: /groups/6308592e5014d417aca61123/clusters/atlas-122z4c-shard-00-00.ew921.mongodb.net/logs/mongos.gz (Project: 6308592e5014d417aca61123)
17:17:52.486 INFO  - Full URL: https://cloud.mongodb.com/api/atlas/v1.0/groups/6308592e5014d417aca61123/clusters/atlas-122z4c-shard-00-00.ew921.mongodb.net/logs/mongos.gz?startDate=1748650668&endDate=1749255468
17:17:52.779 ERROR - Binary request failed: https://cloud.mongodb.com/api/atlas/v1.0/groups/6308592e5014d417aca61123/clusters/atlas-122z4c-shard-00-00.ew921.mongodb.net/logs/mongos.gz?startDate=1748650668&endDate=1749255468 - 406 Not Acceptable: "{<EOL>  "error" : 406,<EOL>  "reason" : "Not Acceptable"<EOL>}"
17:17:52.780 INFO  - [17:17:52.780] Request #2: /groups/6308592e5014d417aca61123/clusters/atlas-122z4c-shard-00-00.ew921.mongodb.net/logs/mongodb.gz (Project: 6308592e5014d417aca61123)
17:17:52.780 INFO  - Full URL: https://cloud.mongodb.com/api/atlas/v1.0/groups/6308592e5014d417aca61123/clusters/atlas-122z4c-shard-00-00.ew921.mongodb.net/logs/mongodb.gz?startDate=1748650668&endDate=1749255468
17:17:53.085 ERROR - Binary request failed: https://cloud.mongodb.com/api/atlas/v1.0/groups/6308592e5014d417aca61123/clusters/atlas-122z4c-shard-00-00.ew921.mongodb.net/logs/mongodb.gz?startDate=1748650668&endDate=1749255468 - 406 Not Acceptable: "{<EOL>  "error" : 406,<EOL>  "reason" : "Not Acceptable"<EOL>}"
17:17:53.085 INFO  - [17:17:53.085] Request #2: /groups/6308592e5014d417aca61123/clusters/atlas-122z4c-shard-00-00.ew921.mongodb.net/logs/mongos.gz (Project: 6308592e5014d417aca61123)
17:17:53.085 INFO  - Full URL: https://cloud.mongodb.com/api/atlas/v1.0/groups/6308592e5014d417aca61123/clusters/atlas-122z4c-shard-00-00.ew921.mongodb.net/logs/mongos.gz?startDate=1748650668&endDate=1749255468
17:17:53.379 ERROR - Binary request failed: https://cloud.mongodb.com/api/atlas/v1.0/groups/6308592e5014d417aca61123/clusters/atlas-122z4c-shard-00-00.ew921.mongodb.net/logs/mongos.gz?startDate=1748650668&endDate=1749255468 - 406 Not Acceptable: "{<EOL>  "error" : 406,<EOL>  "reason" : "Not Acceptable"<EOL>}"
17:17:53.380 INFO  - [17:17:53.380] Request #1: /groups/6308592e5014d417aca61123/clusters/atlas-122z4c-shard-00-01.ew921.mongodb.net/logs/mongodb.gz (Project: 6308592e5014d417aca61123)
17:17:53.380 INFO  - Full URL: https://cloud.mongodb.com/api/atlas/v1.0/groups/6308592e5014d417aca61123/clusters/atlas-122z4c-shard-00-01.ew921.mongodb.net/logs/mongodb.gz?startDate=1748650668&endDate=1749255468
17:17:53.676 ERROR - Binary request failed: https://cloud.mongodb.com/api/atlas/v1.0/groups/6308592e5014d417aca61123/clusters/atlas-122z4c-shard-00-01.ew921.mongodb.net/logs/mongodb.gz?startDate=1748650668&endDate=1749255468 - 406 Not Acceptable: "{<EOL>  "error" : 406,<EOL>  "reason" : "Not Acceptable"<EOL>}"
17:17:53.677 INFO  - [17:17:53.677] Request #1: /groups/6308592e5014d417aca61123/clusters/atlas-122z4c-shard-00-01.ew921.mongodb.net/logs/mongos.gz (Project: 6308592e5014d417aca61123)
17:17:53.678 INFO  - Full URL: https://cloud.mongodb.com/api/atlas/v1.0/groups/6308592e5014d417aca61123/clusters/atlas-122z4c-shard-00-01.ew921.mongodb.net/logs/mongos.gz?startDate=1748650668&endDate=1749255468
17:18:37.346 INFO  - [17:18:37.346] Request #1: /groups
17:18:37.347 INFO  - Full URL: https://cloud.mongodb.com/api/atlas/v2/groups
17:18:38.304 INFO  - Response time: 957 ms for URL: https://cloud.mongodb.com/api/atlas/v2/groups
17:18:43.233 INFO  - [17:18:43.233] Request #1: /groups/6308592e5014d417aca61123/processes (Project: 6308592e5014d417aca61123)
17:18:43.234 INFO  - Full URL: https://cloud.mongodb.com/api/atlas/v2/groups/6308592e5014d417aca61123/processes
17:18:43.668 INFO  - Response time: 434 ms for URL: https://cloud.mongodb.com/api/atlas/v2/groups/6308592e5014d417aca61123/processes
17:18:43.675 INFO  - [17:18:43.675] Request #1: /groups/6308592e5014d417aca61123/clusters/atlas-122z4c-config-00-00.ew921.mongodb.net/logs/mongodb.gz (Project: 6308592e5014d417aca61123)
17:18:43.675 INFO  - Full URL: https://cloud.mongodb.com/api/atlas/v1.0/groups/6308592e5014d417aca61123/clusters/atlas-122z4c-config-00-00.ew921.mongodb.net/logs/mongodb.gz?startDate=1748650717&endDate=1749255517
17:18:43.969 ERROR - Binary request failed: https://cloud.mongodb.com/api/atlas/v1.0/groups/6308592e5014d417aca61123/clusters/atlas-122z4c-config-00-00.ew921.mongodb.net/logs/mongodb.gz?startDate=1748650717&endDate=1749255517 - 406 Not Acceptable: "{<EOL>  "error" : 406,<EOL>  "reason" : "Not Acceptable"<EOL>}"
17:18:43.970 INFO  - [17:18:43.970] Request #1: /groups/6308592e5014d417aca61123/clusters/atlas-122z4c-config-00-00.ew921.mongodb.net/logs/mongos.gz (Project: 6308592e5014d417aca61123)
17:18:43.970 INFO  - Full URL: https://cloud.mongodb.com/api/atlas/v1.0/groups/6308592e5014d417aca61123/clusters/atlas-122z4c-config-00-00.ew921.mongodb.net/logs/mongos.gz?startDate=1748650717&endDate=1749255517
17:18:44.285 ERROR - Binary request failed: https://cloud.mongodb.com/api/atlas/v1.0/groups/6308592e5014d417aca61123/clusters/atlas-122z4c-config-00-00.ew921.mongodb.net/logs/mongos.gz?startDate=1748650717&endDate=1749255517 - 406 Not Acceptable: "{<EOL>  "error" : 406,<EOL>  "reason" : "Not Acceptable"<EOL>}"
17:18:44.287 INFO  - [17:18:44.287] Request #1: /groups/6308592e5014d417aca61123/clusters/atlas-122z4c-config-00-01.ew921.mongodb.net/logs/mongodb.gz (Project: 6308592e5014d417aca61123)
17:18:44.287 INFO  - Full URL: https://cloud.mongodb.com/api/atlas/v1.0/groups/6308592e5014d417aca61123/clusters/atlas-122z4c-config-00-01.ew921.mongodb.net/logs/mongodb.gz?startDate=1748650717&endDate=1749255517
17:18:44.600 ERROR - Binary request failed: https://cloud.mongodb.com/api/atlas/v1.0/groups/6308592e5014d417aca61123/clusters/atlas-122z4c-config-00-01.ew921.mongodb.net/logs/mongodb.gz?startDate=1748650717&endDate=1749255517 - 406 Not Acceptable: "{<EOL>  "error" : 406,<EOL>  "reason" : "Not Acceptable"<EOL>}"
17:18:44.601 INFO  - [17:18:44.601] Request #1: /groups/6308592e5014d417aca61123/clusters/atlas-122z4c-config-00-01.ew921.mongodb.net/logs/mongos.gz (Project: 6308592e5014d417aca61123)
17:18:44.602 INFO  - Full URL: https://cloud.mongodb.com/api/atlas/v1.0/groups/6308592e5014d417aca61123/clusters/atlas-122z4c-config-00-01.ew921.mongodb.net/logs/mongos.gz?startDate=1748650717&endDate=1749255517
17:18:44.899 ERROR - Binary request failed: https://cloud.mongodb.com/api/atlas/v1.0/groups/6308592e5014d417aca61123/clusters/atlas-122z4c-config-00-01.ew921.mongodb.net/logs/mongos.gz?startDate=1748650717&endDate=1749255517 - 406 Not Acceptable: "{<EOL>  "error" : 406,<EOL>  "reason" : "Not Acceptable"<EOL>}"
17:18:44.900 INFO  - [17:18:44.900] Request #1: /groups/6308592e5014d417aca61123/clusters/atlas-122z4c-config-00-02.ew921.mongodb.net/logs/mongodb.gz (Project: 6308592e5014d417aca61123)
17:18:44.901 INFO  - Full URL: https://cloud.mongodb.com/api/atlas/v1.0/groups/6308592e5014d417aca61123/clusters/atlas-122z4c-config-00-02.ew921.mongodb.net/logs/mongodb.gz?startDate=1748650717&endDate=1749255517
17:18:45.206 ERROR - Binary request failed: https://cloud.mongodb.com/api/atlas/v1.0/groups/6308592e5014d417aca61123/clusters/atlas-122z4c-config-00-02.ew921.mongodb.net/logs/mongodb.gz?startDate=1748650717&endDate=1749255517 - 406 Not Acceptable: "{<EOL>  "error" : 406,<EOL>  "reason" : "Not Acceptable"<EOL>}"
17:18:45.208 INFO  - [17:18:45.208] Request #1: /groups/6308592e5014d417aca61123/clusters/atlas-122z4c-config-00-02.ew921.mongodb.net/logs/mongos.gz (Project: 6308592e5014d417aca61123)
17:18:45.208 INFO  - Full URL: https://cloud.mongodb.com/api/atlas/v1.0/groups/6308592e5014d417aca61123/clusters/atlas-122z4c-config-00-02.ew921.mongodb.net/logs/mongos.gz?startDate=1748650717&endDate=1749255517
17:18:45.494 ERROR - Binary request failed: https://cloud.mongodb.com/api/atlas/v1.0/groups/6308592e5014d417aca61123/clusters/atlas-122z4c-config-00-02.ew921.mongodb.net/logs/mongos.gz?startDate=1748650717&endDate=1749255517 - 406 Not Acceptable: "{<EOL>  "error" : 406,<EOL>  "reason" : "Not Acceptable"<EOL>}"
17:18:45.496 INFO  - [17:18:45.496] Request #1: /groups/6308592e5014d417aca61123/clusters/atlas-122z4c-shard-00-00.ew921.mongodb.net/logs/mongodb.gz (Project: 6308592e5014d417aca61123)
17:18:45.496 INFO  - Full URL: https://cloud.mongodb.com/api/atlas/v1.0/groups/6308592e5014d417aca61123/clusters/atlas-122z4c-shard-00-00.ew921.mongodb.net/logs/mongodb.gz?startDate=1748650717&endDate=1749255517
17:18:45.778 ERROR - Binary request failed: https://cloud.mongodb.com/api/atlas/v1.0/groups/6308592e5014d417aca61123/clusters/atlas-122z4c-shard-00-00.ew921.mongodb.net/logs/mongodb.gz?startDate=1748650717&endDate=1749255517 - 406 Not Acceptable: "{<EOL>  "error" : 406,<EOL>  "reason" : "Not Acceptable"<EOL>}"
17:18:45.780 INFO  - [17:18:45.780] Request #1: /groups/6308592e5014d417aca61123/clusters/atlas-122z4c-shard-00-00.ew921.mongodb.net/logs/mongos.gz (Project: 6308592e5014d417aca61123)
17:18:45.780 INFO  - Full URL: https://cloud.mongodb.com/api/atlas/v1.0/groups/6308592e5014d417aca61123/clusters/atlas-122z4c-shard-00-00.ew921.mongodb.net/logs/mongos.gz?startDate=1748650717&endDate=1749255517
17:18:46.079 ERROR - Binary request failed: https://cloud.mongodb.com/api/atlas/v1.0/groups/6308592e5014d417aca61123/clusters/atlas-122z4c-shard-00-00.ew921.mongodb.net/logs/mongos.gz?startDate=1748650717&endDate=1749255517 - 406 Not Acceptable: "{<EOL>  "error" : 406,<EOL>  "reason" : "Not Acceptable"<EOL>}"
17:18:46.080 INFO  - [17:18:46.080] Request #2: /groups/6308592e5014d417aca61123/clusters/atlas-122z4c-shard-00-00.ew921.mongodb.net/logs/mongodb.gz (Project: 6308592e5014d417aca61123)
17:18:46.081 INFO  - Full URL: https://cloud.mongodb.com/api/atlas/v1.0/groups/6308592e5014d417aca61123/clusters/atlas-122z4c-shard-00-00.ew921.mongodb.net/logs/mongodb.gz?startDate=1748650717&endDate=1749255517
17:18:46.387 ERROR - Binary request failed: https://cloud.mongodb.com/api/atlas/v1.0/groups/6308592e5014d417aca61123/clusters/atlas-122z4c-shard-00-00.ew921.mongodb.net/logs/mongodb.gz?startDate=1748650717&endDate=1749255517 - 406 Not Acceptable: "{<EOL>  "error" : 406,<EOL>  "reason" : "Not Acceptable"<EOL>}"
17:18:46.388 INFO  - [17:18:46.388] Request #2: /groups/6308592e5014d417aca61123/clusters/atlas-122z4c-shard-00-00.ew921.mongodb.net/logs/mongos.gz (Project: 6308592e5014d417aca61123)
17:18:46.388 INFO  - Full URL: https://cloud.mongodb.com/api/atlas/v1.0/groups/6308592e5014d417aca61123/clusters/atlas-122z4c-shard-00-00.ew921.mongodb.net/logs/mongos.gz?startDate=1748650717&endDate=1749255517
17:18:46.674 ERROR - Binary request failed: https://cloud.mongodb.com/api/atlas/v1.0/groups/6308592e5014d417aca61123/clusters/atlas-122z4c-shard-00-00.ew921.mongodb.net/logs/mongos.gz?startDate=1748650717&endDate=1749255517 - 406 Not Acceptable: "{<EOL>  "error" : 406,<EOL>  "reason" : "Not Acceptable"<EOL>}"
17:18:46.675 INFO  - [17:18:46.675] Request #1: /groups/6308592e5014d417aca61123/clusters/atlas-122z4c-shard-00-01.ew921.mongodb.net/logs/mongodb.gz (Project: 6308592e5014d417aca61123)
17:18:46.675 INFO  - Full URL: https://cloud.mongodb.com/api/atlas/v1.0/groups/6308592e5014d417aca61123/clusters/atlas-122z4c-shard-00-01.ew921.mongodb.net/logs/mongodb.gz?startDate=1748650717&endDate=1749255517
17:18:46.953 ERROR - Binary request failed: https://cloud.mongodb.com/api/atlas/v1.0/groups/6308592e5014d417aca61123/clusters/atlas-122z4c-shard-00-01.ew921.mongodb.net/logs/mongodb.gz?startDate=1748650717&endDate=1749255517 - 406 Not Acceptable: "{<EOL>  "error" : 406,<EOL>  "reason" : "Not Acceptable"<EOL>}"
17:18:46.955 INFO  - [17:18:46.954] Request #1: /groups/6308592e5014d417aca61123/clusters/atlas-122z4c-shard-00-01.ew921.mongodb.net/logs/mongos.gz (Project: 6308592e5014d417aca61123)
17:18:46.955 INFO  - Full URL: https://cloud.mongodb.com/api/atlas/v1.0/groups/6308592e5014d417aca61123/clusters/atlas-122z4c-shard-00-01.ew921.mongodb.net/logs/mongos.gz?startDate=1748650717&endDate=1749255517
17:18:47.254 ERROR - Binary request failed: https://cloud.mongodb.com/api/atlas/v1.0/groups/6308592e5014d417aca61123/clusters/atlas-122z4c-shard-00-01.ew921.mongodb.net/logs/mongos.gz?startDate=1748650717&endDate=1749255517 - 406 Not Acceptable: "{<EOL>  "error" : 406,<EOL>  "reason" : "Not Acceptable"<EOL>}"
17:18:47.256 INFO  - [17:18:47.256] Request #2: /groups/6308592e5014d417aca61123/clusters/atlas-122z4c-shard-00-01.ew921.mongodb.net/logs/mongodb.gz (Project: 6308592e5014d417aca61123)
17:18:47.256 INFO  - Full URL: https://cloud.mongodb.com/api/atlas/v1.0/groups/6308592e5014d417aca61123/clusters/atlas-122z4c-shard-00-01.ew921.mongodb.net/logs/mongodb.gz?startDate=1748650717&endDate=1749255517
17:18:47.561 ERROR - Binary request failed: https://cloud.mongodb.com/api/atlas/v1.0/groups/6308592e5014d417aca61123/clusters/atlas-122z4c-shard-00-01.ew921.mongodb.net/logs/mongodb.gz?startDate=1748650717&endDate=1749255517 - 406 Not Acceptable: "{<EOL>  "error" : 406,<EOL>  "reason" : "Not Acceptable"<EOL>}"
17:18:47.562 INFO  - [17:18:47.562] Request #2: /groups/6308592e5014d417aca61123/clusters/atlas-122z4c-shard-00-01.ew921.mongodb.net/logs/mongos.gz (Project: 6308592e5014d417aca61123)
17:18:47.562 INFO  - Full URL: https://cloud.mongodb.com/api/atlas/v1.0/groups/6308592e5014d417aca61123/clusters/atlas-122z4c-shard-00-01.ew921.mongodb.net/logs/mongos.gz?startDate=1748650717&endDate=1749255517
17:18:47.857 ERROR - Binary request failed: https://cloud.mongodb.com/api/atlas/v1.0/groups/6308592e5014d417aca61123/clusters/atlas-122z4c-shard-00-01.ew921.mongodb.net/logs/mongos.gz?startDate=1748650717&endDate=1749255517 - 406 Not Acceptable: "{<EOL>  "error" : 406,<EOL>  "reason" : "Not Acceptable"<EOL>}"
17:18:47.858 INFO  - [17:18:47.858] Request #1: /groups/6308592e5014d417aca61123/clusters/atlas-122z4c-shard-00-02.ew921.mongodb.net/logs/mongodb.gz (Project: 6308592e5014d417aca61123)
17:18:47.858 INFO  - Full URL: https://cloud.mongodb.com/api/atlas/v1.0/groups/6308592e5014d417aca61123/clusters/atlas-122z4c-shard-00-02.ew921.mongodb.net/logs/mongodb.gz?startDate=1748650717&endDate=1749255517
17:18:48.191 ERROR - Binary request failed: https://cloud.mongodb.com/api/atlas/v1.0/groups/6308592e5014d417aca61123/clusters/atlas-122z4c-shard-00-02.ew921.mongodb.net/logs/mongodb.gz?startDate=1748650717&endDate=1749255517 - 406 Not Acceptable: "{<EOL>  "error" : 406,<EOL>  "reason" : "Not Acceptable"<EOL>}"
17:18:48.192 INFO  - [17:18:48.192] Request #1: /groups/6308592e5014d417aca61123/clusters/atlas-122z4c-shard-00-02.ew921.mongodb.net/logs/mongos.gz (Project: 6308592e5014d417aca61123)
17:18:48.192 INFO  - Full URL: https://cloud.mongodb.com/api/atlas/v1.0/groups/6308592e5014d417aca61123/clusters/atlas-122z4c-shard-00-02.ew921.mongodb.net/logs/mongos.gz?startDate=1748650717&endDate=1749255517
17:19:45.427 INFO  - [17:19:45.427] Request #1: /groups
17:19:45.427 INFO  - Full URL: https://cloud.mongodb.com/api/atlas/v2/groups
17:19:46.431 INFO  - Response time: 1003 ms for URL: https://cloud.mongodb.com/api/atlas/v2/groups
17:19:46.455 INFO  - [17:19:46.455] Request #1: /groups/6308592e5014d417aca61123/processes (Project: 6308592e5014d417aca61123)
17:19:46.455 INFO  - Full URL: https://cloud.mongodb.com/api/atlas/v2/groups/6308592e5014d417aca61123/processes
17:19:46.932 INFO  - Response time: 477 ms for URL: https://cloud.mongodb.com/api/atlas/v2/groups/6308592e5014d417aca61123/processes
17:20:49.696 INFO  - [17:20:49.696] Request #1: /groups/6308592e5014d417aca61123/clusters/atlas-122z4c-config-00-00.ew921.mongodb.net/logs/mongodb.gz (Project: 6308592e5014d417aca61123)
17:20:49.698 INFO  - Full URL: https://cloud.mongodb.com/api/atlas/v1.0/groups/6308592e5014d417aca61123/clusters/atlas-122z4c-config-00-00.ew921.mongodb.net/logs/mongodb.gz?startDate=1748650785&endDate=1749255585
17:20:50.326 ERROR - Binary request failed: https://cloud.mongodb.com/api/atlas/v1.0/groups/6308592e5014d417aca61123/clusters/atlas-122z4c-config-00-00.ew921.mongodb.net/logs/mongodb.gz?startDate=1748650785&endDate=1749255585 - 406 Not Acceptable: "{<EOL>  "error" : 406,<EOL>  "reason" : "Not Acceptable"<EOL>}"
17:22:06.250 INFO  - [17:22:06.250] Request #1: /groups
17:22:06.250 INFO  - Full URL: https://cloud.mongodb.com/api/atlas/v2/groups
17:22:07.756 INFO  - Response time: 1506 ms for URL: https://cloud.mongodb.com/api/atlas/v2/groups
17:22:07.777 INFO  - [17:22:07.777] Request #1: /groups/6308592e5014d417aca61123/processes (Project: 6308592e5014d417aca61123)
17:22:07.777 INFO  - Full URL: https://cloud.mongodb.com/api/atlas/v2/groups/6308592e5014d417aca61123/processes
17:22:08.350 INFO  - Response time: 573 ms for URL: https://cloud.mongodb.com/api/atlas/v2/groups/6308592e5014d417aca61123/processes
17:22:08.355 INFO  - [17:22:08.355] Request #1: /groups/6308592e5014d417aca61123/clusters/atlas-122z4c-config-00-00.ew921.mongodb.net/logs/mongodb (Project: 6308592e5014d417aca61123)
17:22:08.355 INFO  - Full URL: https://cloud.mongodb.com/api/atlas/v1.0/groups/6308592e5014d417aca61123/clusters/atlas-122z4c-config-00-00.ew921.mongodb.net/logs/mongodb?startDate=1748650926&endDate=1749255726
17:22:08.732 ERROR - Binary request failed: https://cloud.mongodb.com/api/atlas/v1.0/groups/6308592e5014d417aca61123/clusters/atlas-122z4c-config-00-00.ew921.mongodb.net/logs/mongodb?startDate=1748650926&endDate=1749255726 - 404 Not Found: "{"detail":"Cannot find resource /api/atlas/v1.0/groups/6308592e5014d417aca61123/clusters/atlas-122z4c-config-00-00.ew921.mongodb.net/logs/mongodb.","error":404,"errorCode":"RESOURCE_NOT_FOUND","parameters":["/api/atlas/v1.0/groups/6308592e5014d417aca61123/clusters/atlas-122z4c-config-00-00.ew921.mongodb.net/logs/mongodb"],"reason":"Not Found"}"
17:22:08.732 INFO  - [17:22:08.732] Request #1: /groups/6308592e5014d417aca61123/clusters/atlas-122z4c-config-00-00.ew921.mongodb.net/logs/mongos.gz (Project: 6308592e5014d417aca61123)
17:22:08.732 INFO  - Full URL: https://cloud.mongodb.com/api/atlas/v1.0/groups/6308592e5014d417aca61123/clusters/atlas-122z4c-config-00-00.ew921.mongodb.net/logs/mongos.gz?startDate=1748650926&endDate=1749255726
17:22:09.031 ERROR - Binary request failed: https://cloud.mongodb.com/api/atlas/v1.0/groups/6308592e5014d417aca61123/clusters/atlas-122z4c-config-00-00.ew921.mongodb.net/logs/mongos.gz?startDate=1748650926&endDate=1749255726 - 406 Not Acceptable: "{<EOL>  "error" : 406,<EOL>  "reason" : "Not Acceptable"<EOL>}"
17:22:09.034 INFO  - [17:22:09.033] Request #1: /groups/6308592e5014d417aca61123/clusters/atlas-122z4c-config-00-01.ew921.mongodb.net/logs/mongodb (Project: 6308592e5014d417aca61123)
17:22:09.034 INFO  - Full URL: https://cloud.mongodb.com/api/atlas/v1.0/groups/6308592e5014d417aca61123/clusters/atlas-122z4c-config-00-01.ew921.mongodb.net/logs/mongodb?startDate=1748650926&endDate=1749255726
17:22:09.348 ERROR - Binary request failed: https://cloud.mongodb.com/api/atlas/v1.0/groups/6308592e5014d417aca61123/clusters/atlas-122z4c-config-00-01.ew921.mongodb.net/logs/mongodb?startDate=1748650926&endDate=1749255726 - 404 Not Found: "{"detail":"Cannot find resource /api/atlas/v1.0/groups/6308592e5014d417aca61123/clusters/atlas-122z4c-config-00-01.ew921.mongodb.net/logs/mongodb.","error":404,"errorCode":"RESOURCE_NOT_FOUND","parameters":["/api/atlas/v1.0/groups/6308592e5014d417aca61123/clusters/atlas-122z4c-config-00-01.ew921.mongodb.net/logs/mongodb"],"reason":"Not Found"}"
17:22:09.350 INFO  - [17:22:09.350] Request #1: /groups/6308592e5014d417aca61123/clusters/atlas-122z4c-config-00-01.ew921.mongodb.net/logs/mongos.gz (Project: 6308592e5014d417aca61123)
17:22:09.350 INFO  - Full URL: https://cloud.mongodb.com/api/atlas/v1.0/groups/6308592e5014d417aca61123/clusters/atlas-122z4c-config-00-01.ew921.mongodb.net/logs/mongos.gz?startDate=1748650926&endDate=1749255726
17:22:09.639 ERROR - Binary request failed: https://cloud.mongodb.com/api/atlas/v1.0/groups/6308592e5014d417aca61123/clusters/atlas-122z4c-config-00-01.ew921.mongodb.net/logs/mongos.gz?startDate=1748650926&endDate=1749255726 - 406 Not Acceptable: "{<EOL>  "error" : 406,<EOL>  "reason" : "Not Acceptable"<EOL>}"
17:22:09.640 INFO  - [17:22:09.640] Request #1: /groups/6308592e5014d417aca61123/clusters/atlas-122z4c-config-00-02.ew921.mongodb.net/logs/mongodb (Project: 6308592e5014d417aca61123)
17:22:09.641 INFO  - Full URL: https://cloud.mongodb.com/api/atlas/v1.0/groups/6308592e5014d417aca61123/clusters/atlas-122z4c-config-00-02.ew921.mongodb.net/logs/mongodb?startDate=1748650926&endDate=1749255726
17:22:10.086 ERROR - Binary request failed: https://cloud.mongodb.com/api/atlas/v1.0/groups/6308592e5014d417aca61123/clusters/atlas-122z4c-config-00-02.ew921.mongodb.net/logs/mongodb?startDate=1748650926&endDate=1749255726 - 404 Not Found: "{"detail":"Cannot find resource /api/atlas/v1.0/groups/6308592e5014d417aca61123/clusters/atlas-122z4c-config-00-02.ew921.mongodb.net/logs/mongodb.","error":404,"errorCode":"RESOURCE_NOT_FOUND","parameters":["/api/atlas/v1.0/groups/6308592e5014d417aca61123/clusters/atlas-122z4c-config-00-02.ew921.mongodb.net/logs/mongodb"],"reason":"Not Found"}"
17:22:10.087 INFO  - [17:22:10.087] Request #1: /groups/6308592e5014d417aca61123/clusters/atlas-122z4c-config-00-02.ew921.mongodb.net/logs/mongos.gz (Project: 6308592e5014d417aca61123)
17:22:10.087 INFO  - Full URL: https://cloud.mongodb.com/api/atlas/v1.0/groups/6308592e5014d417aca61123/clusters/atlas-122z4c-config-00-02.ew921.mongodb.net/logs/mongos.gz?startDate=1748650926&endDate=1749255726
17:22:10.387 ERROR - Binary request failed: https://cloud.mongodb.com/api/atlas/v1.0/groups/6308592e5014d417aca61123/clusters/atlas-122z4c-config-00-02.ew921.mongodb.net/logs/mongos.gz?startDate=1748650926&endDate=1749255726 - 406 Not Acceptable: "{<EOL>  "error" : 406,<EOL>  "reason" : "Not Acceptable"<EOL>}"
17:22:10.389 INFO  - [17:22:10.389] Request #1: /groups/6308592e5014d417aca61123/clusters/atlas-122z4c-shard-00-00.ew921.mongodb.net/logs/mongodb (Project: 6308592e5014d417aca61123)
17:22:10.389 INFO  - Full URL: https://cloud.mongodb.com/api/atlas/v1.0/groups/6308592e5014d417aca61123/clusters/atlas-122z4c-shard-00-00.ew921.mongodb.net/logs/mongodb?startDate=1748650926&endDate=1749255726
17:22:10.699 ERROR - Binary request failed: https://cloud.mongodb.com/api/atlas/v1.0/groups/6308592e5014d417aca61123/clusters/atlas-122z4c-shard-00-00.ew921.mongodb.net/logs/mongodb?startDate=1748650926&endDate=1749255726 - 404 Not Found: "{"detail":"Cannot find resource /api/atlas/v1.0/groups/6308592e5014d417aca61123/clusters/atlas-122z4c-shard-00-00.ew921.mongodb.net/logs/mongodb.","error":404,"errorCode":"RESOURCE_NOT_FOUND","parameters":["/api/atlas/v1.0/groups/6308592e5014d417aca61123/clusters/atlas-122z4c-shard-00-00.ew921.mongodb.net/logs/mongodb"],"reason":"Not Found"}"
17:22:10.700 INFO  - [17:22:10.700] Request #1: /groups/6308592e5014d417aca61123/clusters/atlas-122z4c-shard-00-00.ew921.mongodb.net/logs/mongos.gz (Project: 6308592e5014d417aca61123)
17:22:10.700 INFO  - Full URL: https://cloud.mongodb.com/api/atlas/v1.0/groups/6308592e5014d417aca61123/clusters/atlas-122z4c-shard-00-00.ew921.mongodb.net/logs/mongos.gz?startDate=1748650926&endDate=1749255726
17:22:11.024 ERROR - Binary request failed: https://cloud.mongodb.com/api/atlas/v1.0/groups/6308592e5014d417aca61123/clusters/atlas-122z4c-shard-00-00.ew921.mongodb.net/logs/mongos.gz?startDate=1748650926&endDate=1749255726 - 406 Not Acceptable: "{<EOL>  "error" : 406,<EOL>  "reason" : "Not Acceptable"<EOL>}"
17:22:11.025 INFO  - [17:22:11.025] Request #2: /groups/6308592e5014d417aca61123/clusters/atlas-122z4c-shard-00-00.ew921.mongodb.net/logs/mongodb (Project: 6308592e5014d417aca61123)
17:22:11.025 INFO  - Full URL: https://cloud.mongodb.com/api/atlas/v1.0/groups/6308592e5014d417aca61123/clusters/atlas-122z4c-shard-00-00.ew921.mongodb.net/logs/mongodb?startDate=1748650926&endDate=1749255726
17:22:11.320 ERROR - Binary request failed: https://cloud.mongodb.com/api/atlas/v1.0/groups/6308592e5014d417aca61123/clusters/atlas-122z4c-shard-00-00.ew921.mongodb.net/logs/mongodb?startDate=1748650926&endDate=1749255726 - 404 Not Found: "{"detail":"Cannot find resource /api/atlas/v1.0/groups/6308592e5014d417aca61123/clusters/atlas-122z4c-shard-00-00.ew921.mongodb.net/logs/mongodb.","error":404,"errorCode":"RESOURCE_NOT_FOUND","parameters":["/api/atlas/v1.0/groups/6308592e5014d417aca61123/clusters/atlas-122z4c-shard-00-00.ew921.mongodb.net/logs/mongodb"],"reason":"Not Found"}"
17:22:11.321 INFO  - [17:22:11.321] Request #2: /groups/6308592e5014d417aca61123/clusters/atlas-122z4c-shard-00-00.ew921.mongodb.net/logs/mongos.gz (Project: 6308592e5014d417aca61123)
17:22:11.321 INFO  - Full URL: https://cloud.mongodb.com/api/atlas/v1.0/groups/6308592e5014d417aca61123/clusters/atlas-122z4c-shard-00-00.ew921.mongodb.net/logs/mongos.gz?startDate=1748650926&endDate=1749255726
